24-Apr-2019 20:12:09.756 INFO [main] org.apache.catalina.startup.VersionLoggerListener.log Server version:        Apache Tomcat/8.5.40
24-Apr-2019 20:12:09.759 INFO [main] org.apache.catalina.startup.VersionLoggerListener.log Server built:          Apr 10 2019 14:31:19 UTC
24-Apr-2019 20:12:09.759 INFO [main] org.apache.catalina.startup.VersionLoggerListener.log Server number:         8.5.40.0
24-Apr-2019 20:12:09.759 INFO [main] org.apache.catalina.startup.VersionLoggerListener.log OS Name:               Linux
24-Apr-2019 20:12:09.759 INFO [main] org.apache.catalina.startup.VersionLoggerListener.log OS Version:            4.15.0-47-generic
24-Apr-2019 20:12:09.759 INFO [main] org.apache.catalina.startup.VersionLoggerListener.log Architecture:          amd64
24-Apr-2019 20:12:09.760 INFO [main] org.apache.catalina.startup.VersionLoggerListener.log Java Home:             /usr/lib/jvm/java-8-oracle/jre
24-Apr-2019 20:12:09.760 INFO [main] org.apache.catalina.startup.VersionLoggerListener.log JVM Version:           1.8.0_201-b09
24-Apr-2019 20:12:09.760 INFO [main] org.apache.catalina.startup.VersionLoggerListener.log JVM Vendor:            Oracle Corporation
24-Apr-2019 20:12:09.760 INFO [main] org.apache.catalina.startup.VersionLoggerListener.log CATALINA_BASE:         /home/kimeuiyeon/HTML_Project/apache-tomcat-8.5.40
24-Apr-2019 20:12:09.760 INFO [main] org.apache.catalina.startup.VersionLoggerListener.log CATALINA_HOME:         /home/kimeuiyeon/HTML_Project/apache-tomcat-8.5.40
24-Apr-2019 20:12:09.761 INFO [main] org.apache.catalina.startup.VersionLoggerListener.log Command line argument: -Djava.util.logging.config.file=/home/kimeuiyeon/HTML_Project/apache-tomcat-8.5.40/conf/logging.properties
24-Apr-2019 20:12:09.761 INFO [main] org.apache.catalina.startup.VersionLoggerListener.log Command line argument: -Djava.util.logging.manager=org.apache.juli.ClassLoaderLogManager
24-Apr-2019 20:12:09.761 INFO [main] org.apache.catalina.startup.VersionLoggerListener.log Command line argument: -Djdk.tls.ephemeralDHKeySize=2048
24-Apr-2019 20:12:09.761 INFO [main] org.apache.catalina.startup.VersionLoggerListener.log Command line argument: -Djava.protocol.handler.pkgs=org.apache.catalina.webresources
24-Apr-2019 20:12:09.761 INFO [main] org.apache.catalina.startup.VersionLoggerListener.log Command line argument: -Dorg.apache.catalina.security.SecurityListener.UMASK=0027
24-Apr-2019 20:12:09.761 INFO [main] org.apache.catalina.startup.VersionLoggerListener.log Command line argument: -Dignore.endorsed.dirs=
24-Apr-2019 20:12:09.761 INFO [main] org.apache.catalina.startup.VersionLoggerListener.log Command line argument: -Dcatalina.base=/home/kimeuiyeon/HTML_Project/apache-tomcat-8.5.40
24-Apr-2019 20:12:09.761 INFO [main] org.apache.catalina.startup.VersionLoggerListener.log Command line argument: -Dcatalina.home=/home/kimeuiyeon/HTML_Project/apache-tomcat-8.5.40
24-Apr-2019 20:12:09.762 INFO [main] org.apache.catalina.startup.VersionLoggerListener.log Command line argument: -Djava.io.tmpdir=/home/kimeuiyeon/HTML_Project/apache-tomcat-8.5.40/temp
24-Apr-2019 20:12:09.762 INFO [main] org.apache.catalina.core.AprLifecycleListener.lifecycleEvent The APR based Apache Tomcat Native library which allows optimal performance in production environments was not found on the java.library.path: [/usr/java/packages/lib/amd64:/usr/lib64:/lib64:/lib:/usr/lib]
24-Apr-2019 20:12:09.919 INFO [main] org.apache.coyote.AbstractProtocol.init Initializing ProtocolHandler ["http-nio-8080"]
24-Apr-2019 20:12:09.931 SEVERE [main] org.apache.catalina.core.StandardService.initInternal Failed to initialize connector [Connector[HTTP/1.1-8080]]
 org.apache.catalina.LifecycleException: Failed to initialize component [Connector[HTTP/1.1-8080]]
	at org.apache.catalina.util.LifecycleBase.init(LifecycleBase.java:112)
	at org.apache.catalina.core.StandardService.initInternal(StandardService.java:552)
	at org.apache.catalina.util.LifecycleBase.init(LifecycleBase.java:107)
	at org.apache.catalina.core.StandardServer.initInternal(StandardServer.java:875)
	at org.apache.catalina.util.LifecycleBase.init(LifecycleBase.java:107)
	at org.apache.catalina.startup.Catalina.load(Catalina.java:639)
	at org.apache.catalina.startup.Catalina.load(Catalina.java:662)
	at sun.reflect.NativeMethodAccessorImpl.invoke0(Native Method)
	at sun.reflect.NativeMethodAccessorImpl.invoke(NativeMethodAccessorImpl.java:62)
	at sun.reflect.DelegatingMethodAccessorImpl.invoke(DelegatingMethodAccessorImpl.java:43)
	at java.lang.reflect.Method.invoke(Method.java:498)
	at org.apache.catalina.startup.Bootstrap.load(Bootstrap.java:309)
	at org.apache.catalina.startup.Bootstrap.main(Bootstrap.java:492)
Caused by: org.apache.catalina.LifecycleException: Protocol handler initialization failed
	at org.apache.catalina.connector.Connector.initInternal(Connector.java:995)
	at org.apache.catalina.util.LifecycleBase.init(LifecycleBase.java:107)
	... 12 more
Caused by: java.net.BindException: Address already in use
	at sun.nio.ch.Net.bind0(Native Method)
	at sun.nio.ch.Net.bind(Net.java:433)
	at sun.nio.ch.Net.bind(Net.java:425)
	at sun.nio.ch.ServerSocketChannelImpl.bind(ServerSocketChannelImpl.java:223)
	at sun.nio.ch.ServerSocketAdaptor.bind(ServerSocketAdaptor.java:74)
	at org.apache.tomcat.util.net.NioEndpoint.bind(NioEndpoint.java:219)
	at org.apache.tomcat.util.net.AbstractEndpoint.init(AbstractEndpoint.java:1105)
	at org.apache.tomcat.util.net.AbstractJsseEndpoint.init(AbstractJsseEndpoint.java:224)
	at org.apache.coyote.AbstractProtocol.init(AbstractProtocol.java:581)
	at org.apache.coyote.http11.AbstractHttp11Protocol.init(AbstractHttp11Protocol.java:68)
	at org.apache.catalina.connector.Connector.initInternal(Connector.java:993)
	... 13 more

24-Apr-2019 20:12:09.933 INFO [main] org.apache.coyote.AbstractProtocol.init Initializing ProtocolHandler ["ajp-nio-8009"]
24-Apr-2019 20:12:09.935 SEVERE [main] org.apache.catalina.core.StandardService.initInternal Failed to initialize connector [Connector[AJP/1.3-8009]]
 org.apache.catalina.LifecycleException: Failed to initialize component [Connector[AJP/1.3-8009]]
	at org.apache.catalina.util.LifecycleBase.init(LifecycleBase.java:112)
	at org.apache.catalina.core.StandardService.initInternal(StandardService.java:552)
	at org.apache.catalina.util.LifecycleBase.init(LifecycleBase.java:107)
	at org.apache.catalina.core.StandardServer.initInternal(StandardServer.java:875)
	at org.apache.catalina.util.LifecycleBase.init(LifecycleBase.java:107)
	at org.apache.catalina.startup.Catalina.load(Catalina.java:639)
	at org.apache.catalina.startup.Catalina.load(Catalina.java:662)
	at sun.reflect.NativeMethodAccessorImpl.invoke0(Native Method)
	at sun.reflect.NativeMethodAccessorImpl.invoke(NativeMethodAccessorImpl.java:62)
	at sun.reflect.DelegatingMethodAccessorImpl.invoke(DelegatingMethodAccessorImpl.java:43)
	at java.lang.reflect.Method.invoke(Method.java:498)
	at org.apache.catalina.startup.Bootstrap.load(Bootstrap.java:309)
	at org.apache.catalina.startup.Bootstrap.main(Bootstrap.java:492)
Caused by: org.apache.catalina.LifecycleException: Protocol handler initialization failed
	at org.apache.catalina.connector.Connector.initInternal(Connector.java:995)
	at org.apache.catalina.util.LifecycleBase.init(LifecycleBase.java:107)
	... 12 more
Caused by: java.net.BindException: Address already in use
	at sun.nio.ch.Net.bind0(Native Method)
	at sun.nio.ch.Net.bind(Net.java:433)
	at sun.nio.ch.Net.bind(Net.java:425)
	at sun.nio.ch.ServerSocketChannelImpl.bind(ServerSocketChannelImpl.java:223)
	at sun.nio.ch.ServerSocketAdaptor.bind(ServerSocketAdaptor.java:74)
	at org.apache.tomcat.util.net.NioEndpoint.bind(NioEndpoint.java:219)
	at org.apache.tomcat.util.net.AbstractEndpoint.init(AbstractEndpoint.java:1105)
	at org.apache.tomcat.util.net.AbstractJsseEndpoint.init(AbstractJsseEndpoint.java:224)
	at org.apache.coyote.AbstractProtocol.init(AbstractProtocol.java:581)
	at org.apache.catalina.connector.Connector.initInternal(Connector.java:993)
	... 13 more

24-Apr-2019 20:12:09.936 INFO [main] org.apache.catalina.startup.Catalina.load Initialization processed in 619 ms
24-Apr-2019 20:12:09.964 INFO [main] org.apache.catalina.core.StandardService.startInternal Starting service [Catalina]
24-Apr-2019 20:12:09.965 INFO [main] org.apache.catalina.core.StandardEngine.startInternal Starting Servlet Engine: Apache Tomcat/8.5.40
24-Apr-2019 20:12:09.976 INFO [localhost-startStop-1] org.apache.catalina.startup.HostConfig.deployDirectory Deploying web application directory [/home/kimeuiyeon/HTML_Project/apache-tomcat-8.5.40/webapps/host-manager]
24-Apr-2019 20:12:10.291 INFO [localhost-startStop-1] org.apache.catalina.startup.HostConfig.deployDirectory Deployment of web application directory [/home/kimeuiyeon/HTML_Project/apache-tomcat-8.5.40/webapps/host-manager] has finished in [315] ms
24-Apr-2019 20:12:10.292 INFO [localhost-startStop-1] org.apache.catalina.startup.HostConfig.deployDirectory Deploying web application directory [/home/kimeuiyeon/HTML_Project/apache-tomcat-8.5.40/webapps/ROOT]
24-Apr-2019 20:12:10.314 INFO [localhost-startStop-1] org.apache.catalina.startup.HostConfig.deployDirectory Deployment of web application directory [/home/kimeuiyeon/HTML_Project/apache-tomcat-8.5.40/webapps/ROOT] has finished in [22] ms
24-Apr-2019 20:12:10.314 INFO [localhost-startStop-1] org.apache.catalina.startup.HostConfig.deployDirectory Deploying web application directory [/home/kimeuiyeon/HTML_Project/apache-tomcat-8.5.40/webapps/examples]
24-Apr-2019 20:12:10.616 INFO [localhost-startStop-1] org.apache.catalina.startup.HostConfig.deployDirectory Deployment of web application directory [/home/kimeuiyeon/HTML_Project/apache-tomcat-8.5.40/webapps/examples] has finished in [302] ms
24-Apr-2019 20:12:10.616 INFO [localhost-startStop-1] org.apache.catalina.startup.HostConfig.deployDirectory Deploying web application directory [/home/kimeuiyeon/HTML_Project/apache-tomcat-8.5.40/webapps/docs]
24-Apr-2019 20:12:10.635 INFO [localhost-startStop-1] org.apache.catalina.startup.HostConfig.deployDirectory Deployment of web application directory [/home/kimeuiyeon/HTML_Project/apache-tomcat-8.5.40/webapps/docs] has finished in [19] ms
24-Apr-2019 20:12:10.652 INFO [localhost-startStop-1] org.apache.catalina.startup.HostConfig.deployDirectory Deploying web application directory [/home/kimeuiyeon/HTML_Project/apache-tomcat-8.5.40/webapps/manager]
24-Apr-2019 20:12:10.683 INFO [localhost-startStop-1] org.apache.catalina.startup.HostConfig.deployDirectory Deployment of web application directory [/home/kimeuiyeon/HTML_Project/apache-tomcat-8.5.40/webapps/manager] has finished in [31] ms
24-Apr-2019 20:12:10.687 INFO [main] org.apache.catalina.startup.Catalina.start Server startup in 750 ms
24-Apr-2019 20:12:10.689 SEVERE [main] org.apache.catalina.core.StandardServer.await StandardServer.await: create[localhost:8005]: 
 java.net.BindException: Address already in use (Bind failed)
	at java.net.PlainSocketImpl.socketBind(Native Method)
	at java.net.AbstractPlainSocketImpl.bind(AbstractPlainSocketImpl.java:387)
	at java.net.ServerSocket.bind(ServerSocket.java:375)
	at java.net.ServerSocket.<init>(ServerSocket.java:237)
	at org.apache.catalina.core.StandardServer.await(StandardServer.java:440)
	at org.apache.catalina.startup.Catalina.await(Catalina.java:776)
	at org.apache.catalina.startup.Catalina.start(Catalina.java:722)
	at sun.reflect.NativeMethodAccessorImpl.invoke0(Native Method)
	at sun.reflect.NativeMethodAccessorImpl.invoke(NativeMethodAccessorImpl.java:62)
	at sun.reflect.DelegatingMethodAccessorImpl.invoke(DelegatingMethodAccessorImpl.java:43)
	at java.lang.reflect.Method.invoke(Method.java:498)
	at org.apache.catalina.startup.Bootstrap.start(Bootstrap.java:353)
	at org.apache.catalina.startup.Bootstrap.main(Bootstrap.java:493)

24-Apr-2019 20:12:10.689 INFO [main] org.apache.coyote.AbstractProtocol.pause Pausing ProtocolHandler ["http-nio-8080"]
24-Apr-2019 20:12:10.690 INFO [main] org.apache.coyote.AbstractProtocol.pause Pausing ProtocolHandler ["ajp-nio-8009"]
24-Apr-2019 20:12:10.690 INFO [main] org.apache.catalina.core.StandardService.stopInternal Stopping service [Catalina]
24-Apr-2019 20:12:10.716 INFO [main] org.apache.coyote.AbstractProtocol.stop Stopping ProtocolHandler ["http-nio-8080"]
24-Apr-2019 20:12:10.716 INFO [main] org.apache.coyote.AbstractProtocol.destroy Destroying ProtocolHandler ["http-nio-8080"]
24-Apr-2019 20:12:10.716 INFO [main] org.apache.coyote.AbstractProtocol.stop Stopping ProtocolHandler ["ajp-nio-8009"]
24-Apr-2019 20:12:10.717 INFO [main] org.apache.coyote.AbstractProtocol.destroy Destroying ProtocolHandler ["ajp-nio-8009"]
