22-Apr-2019 07:57:47.501 INFO [main] org.apache.catalina.startup.VersionLoggerListener.log Server version:        Apache Tomcat/8.5.40
22-Apr-2019 07:57:47.506 INFO [main] org.apache.catalina.startup.VersionLoggerListener.log Server built:          Apr 10 2019 14:31:19 UTC
22-Apr-2019 07:57:47.507 INFO [main] org.apache.catalina.startup.VersionLoggerListener.log Server number:         8.5.40.0
22-Apr-2019 07:57:47.507 INFO [main] org.apache.catalina.startup.VersionLoggerListener.log OS Name:               Linux
22-Apr-2019 07:57:47.507 INFO [main] org.apache.catalina.startup.VersionLoggerListener.log OS Version:            4.15.0-47-generic
22-Apr-2019 07:57:47.507 INFO [main] org.apache.catalina.startup.VersionLoggerListener.log Architecture:          amd64
22-Apr-2019 07:57:47.507 INFO [main] org.apache.catalina.startup.VersionLoggerListener.log Java Home:             /usr/lib/jvm/java-8-oracle/jre
22-Apr-2019 07:57:47.507 INFO [main] org.apache.catalina.startup.VersionLoggerListener.log JVM Version:           1.8.0_201-b09
22-Apr-2019 07:57:47.508 INFO [main] org.apache.catalina.startup.VersionLoggerListener.log JVM Vendor:            Oracle Corporation
22-Apr-2019 07:57:47.508 INFO [main] org.apache.catalina.startup.VersionLoggerListener.log CATALINA_BASE:         /home/kimeuiyeon/HTML_Project/apache-tomcat-8.5.40
22-Apr-2019 07:57:47.508 INFO [main] org.apache.catalina.startup.VersionLoggerListener.log CATALINA_HOME:         /home/kimeuiyeon/HTML_Project/apache-tomcat-8.5.40
22-Apr-2019 07:57:47.508 INFO [main] org.apache.catalina.startup.VersionLoggerListener.log Command line argument: -Djava.util.logging.config.file=/home/kimeuiyeon/HTML_Project/apache-tomcat-8.5.40/conf/logging.properties
22-Apr-2019 07:57:47.508 INFO [main] org.apache.catalina.startup.VersionLoggerListener.log Command line argument: -Djava.util.logging.manager=org.apache.juli.ClassLoaderLogManager
22-Apr-2019 07:57:47.509 INFO [main] org.apache.catalina.startup.VersionLoggerListener.log Command line argument: -Djdk.tls.ephemeralDHKeySize=2048
22-Apr-2019 07:57:47.509 INFO [main] org.apache.catalina.startup.VersionLoggerListener.log Command line argument: -Djava.protocol.handler.pkgs=org.apache.catalina.webresources
22-Apr-2019 07:57:47.509 INFO [main] org.apache.catalina.startup.VersionLoggerListener.log Command line argument: -Dorg.apache.catalina.security.SecurityListener.UMASK=0027
22-Apr-2019 07:57:47.509 INFO [main] org.apache.catalina.startup.VersionLoggerListener.log Command line argument: -Dignore.endorsed.dirs=
22-Apr-2019 07:57:47.509 INFO [main] org.apache.catalina.startup.VersionLoggerListener.log Command line argument: -Dcatalina.base=/home/kimeuiyeon/HTML_Project/apache-tomcat-8.5.40
22-Apr-2019 07:57:47.509 INFO [main] org.apache.catalina.startup.VersionLoggerListener.log Command line argument: -Dcatalina.home=/home/kimeuiyeon/HTML_Project/apache-tomcat-8.5.40
22-Apr-2019 07:57:47.509 INFO [main] org.apache.catalina.startup.VersionLoggerListener.log Command line argument: -Djava.io.tmpdir=/home/kimeuiyeon/HTML_Project/apache-tomcat-8.5.40/temp
22-Apr-2019 07:57:47.509 INFO [main] org.apache.catalina.core.AprLifecycleListener.lifecycleEvent The APR based Apache Tomcat Native library which allows optimal performance in production environments was not found on the java.library.path: [/usr/java/packages/lib/amd64:/usr/lib64:/lib64:/lib:/usr/lib]
22-Apr-2019 07:57:47.701 INFO [main] org.apache.coyote.AbstractProtocol.init Initializing ProtocolHandler ["http-nio-8080"]
22-Apr-2019 07:57:47.714 INFO [main] org.apache.tomcat.util.net.NioSelectorPool.getSharedSelector Using a shared selector for servlet write/read
22-Apr-2019 07:57:47.734 INFO [main] org.apache.coyote.AbstractProtocol.init Initializing ProtocolHandler ["ajp-nio-8009"]
22-Apr-2019 07:57:47.736 INFO [main] org.apache.tomcat.util.net.NioSelectorPool.getSharedSelector Using a shared selector for servlet write/read
22-Apr-2019 07:57:47.737 INFO [main] org.apache.catalina.startup.Catalina.load Initialization processed in 717 ms
22-Apr-2019 07:57:47.770 INFO [main] org.apache.catalina.core.StandardService.startInternal Starting service [Catalina]
22-Apr-2019 07:57:47.770 INFO [main] org.apache.catalina.core.StandardEngine.startInternal Starting Servlet Engine: Apache Tomcat/8.5.40
22-Apr-2019 07:57:47.784 INFO [localhost-startStop-1] org.apache.catalina.startup.HostConfig.deployDirectory Deploying web application directory [/home/kimeuiyeon/HTML_Project/apache-tomcat-8.5.40/webapps/host-manager]
22-Apr-2019 07:57:48.093 INFO [localhost-startStop-1] org.apache.catalina.startup.HostConfig.deployDirectory Deployment of web application directory [/home/kimeuiyeon/HTML_Project/apache-tomcat-8.5.40/webapps/host-manager] has finished in [310] ms
22-Apr-2019 07:57:48.094 INFO [localhost-startStop-1] org.apache.catalina.startup.HostConfig.deployDirectory Deploying web application directory [/home/kimeuiyeon/HTML_Project/apache-tomcat-8.5.40/webapps/ROOT]
22-Apr-2019 07:57:48.114 INFO [localhost-startStop-1] org.apache.catalina.startup.HostConfig.deployDirectory Deployment of web application directory [/home/kimeuiyeon/HTML_Project/apache-tomcat-8.5.40/webapps/ROOT] has finished in [20] ms
22-Apr-2019 07:57:48.114 INFO [localhost-startStop-1] org.apache.catalina.startup.HostConfig.deployDirectory Deploying web application directory [/home/kimeuiyeon/HTML_Project/apache-tomcat-8.5.40/webapps/examples]
22-Apr-2019 07:57:48.436 INFO [localhost-startStop-1] org.apache.catalina.startup.HostConfig.deployDirectory Deployment of web application directory [/home/kimeuiyeon/HTML_Project/apache-tomcat-8.5.40/webapps/examples] has finished in [322] ms
22-Apr-2019 07:57:48.436 INFO [localhost-startStop-1] org.apache.catalina.startup.HostConfig.deployDirectory Deploying web application directory [/home/kimeuiyeon/HTML_Project/apache-tomcat-8.5.40/webapps/docs]
22-Apr-2019 07:57:48.453 INFO [localhost-startStop-1] org.apache.catalina.startup.HostConfig.deployDirectory Deployment of web application directory [/home/kimeuiyeon/HTML_Project/apache-tomcat-8.5.40/webapps/docs] has finished in [17] ms
22-Apr-2019 07:57:48.454 INFO [localhost-startStop-1] org.apache.catalina.startup.HostConfig.deployDirectory Deploying web application directory [/home/kimeuiyeon/HTML_Project/apache-tomcat-8.5.40/webapps/manager]
22-Apr-2019 07:57:48.478 INFO [localhost-startStop-1] org.apache.catalina.startup.HostConfig.deployDirectory Deployment of web application directory [/home/kimeuiyeon/HTML_Project/apache-tomcat-8.5.40/webapps/manager] has finished in [24] ms
22-Apr-2019 07:57:48.481 INFO [main] org.apache.coyote.AbstractProtocol.start Starting ProtocolHandler ["http-nio-8080"]
22-Apr-2019 07:57:48.493 INFO [main] org.apache.coyote.AbstractProtocol.start Starting ProtocolHandler ["ajp-nio-8009"]
22-Apr-2019 07:57:48.502 INFO [main] org.apache.catalina.startup.Catalina.start Server startup in 765 ms
22-Apr-2019 08:46:29.270 INFO [main] org.apache.catalina.core.StandardServer.await A valid shutdown command was received via the shutdown port. Stopping the Server instance.
22-Apr-2019 08:46:29.270 INFO [main] org.apache.coyote.AbstractProtocol.pause Pausing ProtocolHandler ["http-nio-8080"]
22-Apr-2019 08:46:29.278 INFO [main] org.apache.coyote.AbstractProtocol.pause Pausing ProtocolHandler ["ajp-nio-8009"]
22-Apr-2019 08:46:29.284 INFO [main] org.apache.catalina.core.StandardService.stopInternal Stopping service [Catalina]
22-Apr-2019 08:46:29.316 INFO [main] org.apache.coyote.AbstractProtocol.stop Stopping ProtocolHandler ["http-nio-8080"]
22-Apr-2019 08:46:29.318 INFO [main] org.apache.coyote.AbstractProtocol.stop Stopping ProtocolHandler ["ajp-nio-8009"]
22-Apr-2019 08:46:29.319 INFO [main] org.apache.coyote.AbstractProtocol.destroy Destroying ProtocolHandler ["http-nio-8080"]
22-Apr-2019 08:46:29.319 INFO [main] org.apache.coyote.AbstractProtocol.destroy Destroying ProtocolHandler ["ajp-nio-8009"]
22-Apr-2019 09:07:07.224 INFO [main] org.apache.catalina.startup.VersionLoggerListener.log Server version:        Apache Tomcat/8.5.40
22-Apr-2019 09:07:07.226 INFO [main] org.apache.catalina.startup.VersionLoggerListener.log Server built:          Apr 10 2019 14:31:19 UTC
22-Apr-2019 09:07:07.226 INFO [main] org.apache.catalina.startup.VersionLoggerListener.log Server number:         8.5.40.0
22-Apr-2019 09:07:07.226 INFO [main] org.apache.catalina.startup.VersionLoggerListener.log OS Name:               Linux
22-Apr-2019 09:07:07.226 INFO [main] org.apache.catalina.startup.VersionLoggerListener.log OS Version:            4.15.0-47-generic
22-Apr-2019 09:07:07.226 INFO [main] org.apache.catalina.startup.VersionLoggerListener.log Architecture:          amd64
22-Apr-2019 09:07:07.226 INFO [main] org.apache.catalina.startup.VersionLoggerListener.log Java Home:             /usr/lib/jvm/java-8-oracle/jre
22-Apr-2019 09:07:07.226 INFO [main] org.apache.catalina.startup.VersionLoggerListener.log JVM Version:           1.8.0_201-b09
22-Apr-2019 09:07:07.227 INFO [main] org.apache.catalina.startup.VersionLoggerListener.log JVM Vendor:            Oracle Corporation
22-Apr-2019 09:07:07.227 INFO [main] org.apache.catalina.startup.VersionLoggerListener.log CATALINA_BASE:         /home/kimeuiyeon/HTML_Project/apache-tomcat-8.5.40
22-Apr-2019 09:07:07.227 INFO [main] org.apache.catalina.startup.VersionLoggerListener.log CATALINA_HOME:         /home/kimeuiyeon/HTML_Project/apache-tomcat-8.5.40
22-Apr-2019 09:07:07.227 INFO [main] org.apache.catalina.startup.VersionLoggerListener.log Command line argument: -Djava.util.logging.config.file=/home/kimeuiyeon/HTML_Project/apache-tomcat-8.5.40/conf/logging.properties
22-Apr-2019 09:07:07.227 INFO [main] org.apache.catalina.startup.VersionLoggerListener.log Command line argument: -Djava.util.logging.manager=org.apache.juli.ClassLoaderLogManager
22-Apr-2019 09:07:07.227 INFO [main] org.apache.catalina.startup.VersionLoggerListener.log Command line argument: -Djdk.tls.ephemeralDHKeySize=2048
22-Apr-2019 09:07:07.227 INFO [main] org.apache.catalina.startup.VersionLoggerListener.log Command line argument: -Djava.protocol.handler.pkgs=org.apache.catalina.webresources
22-Apr-2019 09:07:07.228 INFO [main] org.apache.catalina.startup.VersionLoggerListener.log Command line argument: -Dorg.apache.catalina.security.SecurityListener.UMASK=0027
22-Apr-2019 09:07:07.228 INFO [main] org.apache.catalina.startup.VersionLoggerListener.log Command line argument: -Dignore.endorsed.dirs=
22-Apr-2019 09:07:07.228 INFO [main] org.apache.catalina.startup.VersionLoggerListener.log Command line argument: -Dcatalina.base=/home/kimeuiyeon/HTML_Project/apache-tomcat-8.5.40
22-Apr-2019 09:07:07.228 INFO [main] org.apache.catalina.startup.VersionLoggerListener.log Command line argument: -Dcatalina.home=/home/kimeuiyeon/HTML_Project/apache-tomcat-8.5.40
22-Apr-2019 09:07:07.228 INFO [main] org.apache.catalina.startup.VersionLoggerListener.log Command line argument: -Djava.io.tmpdir=/home/kimeuiyeon/HTML_Project/apache-tomcat-8.5.40/temp
22-Apr-2019 09:07:07.228 INFO [main] org.apache.catalina.core.AprLifecycleListener.lifecycleEvent The APR based Apache Tomcat Native library which allows optimal performance in production environments was not found on the java.library.path: [/usr/java/packages/lib/amd64:/usr/lib64:/lib64:/lib:/usr/lib]
22-Apr-2019 09:07:07.369 INFO [main] org.apache.coyote.AbstractProtocol.init Initializing ProtocolHandler ["http-nio-8080"]
22-Apr-2019 09:07:07.379 INFO [main] org.apache.tomcat.util.net.NioSelectorPool.getSharedSelector Using a shared selector for servlet write/read
22-Apr-2019 09:07:07.394 INFO [main] org.apache.coyote.AbstractProtocol.init Initializing ProtocolHandler ["ajp-nio-8009"]
22-Apr-2019 09:07:07.396 INFO [main] org.apache.tomcat.util.net.NioSelectorPool.getSharedSelector Using a shared selector for servlet write/read
22-Apr-2019 09:07:07.401 INFO [main] org.apache.catalina.startup.Catalina.load Initialization processed in 606 ms
22-Apr-2019 09:07:07.432 INFO [main] org.apache.catalina.core.StandardService.startInternal Starting service [Catalina]
22-Apr-2019 09:07:07.433 INFO [main] org.apache.catalina.core.StandardEngine.startInternal Starting Servlet Engine: Apache Tomcat/8.5.40
22-Apr-2019 09:07:07.444 INFO [localhost-startStop-1] org.apache.catalina.startup.HostConfig.deployDirectory Deploying web application directory [/home/kimeuiyeon/HTML_Project/apache-tomcat-8.5.40/webapps/host-manager]
22-Apr-2019 09:07:07.724 INFO [localhost-startStop-1] org.apache.catalina.startup.HostConfig.deployDirectory Deployment of web application directory [/home/kimeuiyeon/HTML_Project/apache-tomcat-8.5.40/webapps/host-manager] has finished in [279] ms
22-Apr-2019 09:07:07.724 INFO [localhost-startStop-1] org.apache.catalina.startup.HostConfig.deployDirectory Deploying web application directory [/home/kimeuiyeon/HTML_Project/apache-tomcat-8.5.40/webapps/ROOT]
22-Apr-2019 09:07:07.744 INFO [localhost-startStop-1] org.apache.catalina.startup.HostConfig.deployDirectory Deployment of web application directory [/home/kimeuiyeon/HTML_Project/apache-tomcat-8.5.40/webapps/ROOT] has finished in [20] ms
22-Apr-2019 09:07:07.744 INFO [localhost-startStop-1] org.apache.catalina.startup.HostConfig.deployDirectory Deploying web application directory [/home/kimeuiyeon/HTML_Project/apache-tomcat-8.5.40/webapps/examples]
22-Apr-2019 09:07:08.034 INFO [localhost-startStop-1] org.apache.catalina.startup.HostConfig.deployDirectory Deployment of web application directory [/home/kimeuiyeon/HTML_Project/apache-tomcat-8.5.40/webapps/examples] has finished in [290] ms
22-Apr-2019 09:07:08.035 INFO [localhost-startStop-1] org.apache.catalina.startup.HostConfig.deployDirectory Deploying web application directory [/home/kimeuiyeon/HTML_Project/apache-tomcat-8.5.40/webapps/docs]
22-Apr-2019 09:07:08.068 INFO [localhost-startStop-1] org.apache.catalina.startup.HostConfig.deployDirectory Deployment of web application directory [/home/kimeuiyeon/HTML_Project/apache-tomcat-8.5.40/webapps/docs] has finished in [32] ms
22-Apr-2019 09:07:08.068 INFO [localhost-startStop-1] org.apache.catalina.startup.HostConfig.deployDirectory Deploying web application directory [/home/kimeuiyeon/HTML_Project/apache-tomcat-8.5.40/webapps/manager]
22-Apr-2019 09:07:08.091 INFO [localhost-startStop-1] org.apache.catalina.startup.HostConfig.deployDirectory Deployment of web application directory [/home/kimeuiyeon/HTML_Project/apache-tomcat-8.5.40/webapps/manager] has finished in [23] ms
22-Apr-2019 09:07:08.095 INFO [main] org.apache.coyote.AbstractProtocol.start Starting ProtocolHandler ["http-nio-8080"]
22-Apr-2019 09:07:08.112 INFO [main] org.apache.coyote.AbstractProtocol.start Starting ProtocolHandler ["ajp-nio-8009"]
22-Apr-2019 09:07:08.115 INFO [main] org.apache.catalina.startup.Catalina.start Server startup in 714 ms
22-Apr-2019 09:09:11.241 INFO [main] org.apache.catalina.core.StandardServer.await A valid shutdown command was received via the shutdown port. Stopping the Server instance.
22-Apr-2019 09:09:11.241 INFO [main] org.apache.coyote.AbstractProtocol.pause Pausing ProtocolHandler ["http-nio-8080"]
22-Apr-2019 09:09:11.250 INFO [main] org.apache.coyote.AbstractProtocol.pause Pausing ProtocolHandler ["ajp-nio-8009"]
22-Apr-2019 09:09:11.256 INFO [main] org.apache.catalina.core.StandardService.stopInternal Stopping service [Catalina]
22-Apr-2019 09:09:11.296 INFO [main] org.apache.coyote.AbstractProtocol.stop Stopping ProtocolHandler ["http-nio-8080"]
22-Apr-2019 09:09:11.297 INFO [main] org.apache.coyote.AbstractProtocol.stop Stopping ProtocolHandler ["ajp-nio-8009"]
22-Apr-2019 09:09:11.298 INFO [main] org.apache.coyote.AbstractProtocol.destroy Destroying ProtocolHandler ["http-nio-8080"]
22-Apr-2019 09:09:11.299 INFO [main] org.apache.coyote.AbstractProtocol.destroy Destroying ProtocolHandler ["ajp-nio-8009"]
22-Apr-2019 17:45:16.902 INFO [main] org.apache.catalina.startup.VersionLoggerListener.log Server version:        Apache Tomcat/8.5.40
22-Apr-2019 17:45:16.906 INFO [main] org.apache.catalina.startup.VersionLoggerListener.log Server built:          Apr 10 2019 14:31:19 UTC
22-Apr-2019 17:45:16.911 INFO [main] org.apache.catalina.startup.VersionLoggerListener.log Server number:         8.5.40.0
22-Apr-2019 17:45:16.911 INFO [main] org.apache.catalina.startup.VersionLoggerListener.log OS Name:               Linux
22-Apr-2019 17:45:16.911 INFO [main] org.apache.catalina.startup.VersionLoggerListener.log OS Version:            4.15.0-47-generic
22-Apr-2019 17:45:16.911 INFO [main] org.apache.catalina.startup.VersionLoggerListener.log Architecture:          amd64
22-Apr-2019 17:45:16.911 INFO [main] org.apache.catalina.startup.VersionLoggerListener.log Java Home:             /usr/lib/jvm/java-8-oracle/jre
22-Apr-2019 17:45:16.912 INFO [main] org.apache.catalina.startup.VersionLoggerListener.log JVM Version:           1.8.0_201-b09
22-Apr-2019 17:45:16.912 INFO [main] org.apache.catalina.startup.VersionLoggerListener.log JVM Vendor:            Oracle Corporation
22-Apr-2019 17:45:16.912 INFO [main] org.apache.catalina.startup.VersionLoggerListener.log CATALINA_BASE:         /home/kimeuiyeon/HTML_Project/apache-tomcat-8.5.40
22-Apr-2019 17:45:16.912 INFO [main] org.apache.catalina.startup.VersionLoggerListener.log CATALINA_HOME:         /home/kimeuiyeon/HTML_Project/apache-tomcat-8.5.40
22-Apr-2019 17:45:16.912 INFO [main] org.apache.catalina.startup.VersionLoggerListener.log Command line argument: -Djava.util.logging.config.file=/home/kimeuiyeon/HTML_Project/apache-tomcat-8.5.40/conf/logging.properties
22-Apr-2019 17:45:16.913 INFO [main] org.apache.catalina.startup.VersionLoggerListener.log Command line argument: -Djava.util.logging.manager=org.apache.juli.ClassLoaderLogManager
22-Apr-2019 17:45:16.913 INFO [main] org.apache.catalina.startup.VersionLoggerListener.log Command line argument: -Djdk.tls.ephemeralDHKeySize=2048
22-Apr-2019 17:45:16.913 INFO [main] org.apache.catalina.startup.VersionLoggerListener.log Command line argument: -Djava.protocol.handler.pkgs=org.apache.catalina.webresources
22-Apr-2019 17:45:16.913 INFO [main] org.apache.catalina.startup.VersionLoggerListener.log Command line argument: -Dorg.apache.catalina.security.SecurityListener.UMASK=0027
22-Apr-2019 17:45:16.913 INFO [main] org.apache.catalina.startup.VersionLoggerListener.log Command line argument: -Dignore.endorsed.dirs=
22-Apr-2019 17:45:16.913 INFO [main] org.apache.catalina.startup.VersionLoggerListener.log Command line argument: -Dcatalina.base=/home/kimeuiyeon/HTML_Project/apache-tomcat-8.5.40
22-Apr-2019 17:45:16.913 INFO [main] org.apache.catalina.startup.VersionLoggerListener.log Command line argument: -Dcatalina.home=/home/kimeuiyeon/HTML_Project/apache-tomcat-8.5.40
22-Apr-2019 17:45:16.914 INFO [main] org.apache.catalina.startup.VersionLoggerListener.log Command line argument: -Djava.io.tmpdir=/home/kimeuiyeon/HTML_Project/apache-tomcat-8.5.40/temp
22-Apr-2019 17:45:16.914 INFO [main] org.apache.catalina.core.AprLifecycleListener.lifecycleEvent The APR based Apache Tomcat Native library which allows optimal performance in production environments was not found on the java.library.path: [/usr/java/packages/lib/amd64:/usr/lib64:/lib64:/lib:/usr/lib]
22-Apr-2019 17:45:17.076 INFO [main] org.apache.coyote.AbstractProtocol.init Initializing ProtocolHandler ["http-nio-8080"]
22-Apr-2019 17:45:17.089 INFO [main] org.apache.tomcat.util.net.NioSelectorPool.getSharedSelector Using a shared selector for servlet write/read
22-Apr-2019 17:45:17.107 INFO [main] org.apache.coyote.AbstractProtocol.init Initializing ProtocolHandler ["ajp-nio-8009"]
22-Apr-2019 17:45:17.109 INFO [main] org.apache.tomcat.util.net.NioSelectorPool.getSharedSelector Using a shared selector for servlet write/read
22-Apr-2019 17:45:17.113 INFO [main] org.apache.catalina.startup.Catalina.load Initialization processed in 622 ms
22-Apr-2019 17:45:17.137 INFO [main] org.apache.catalina.core.StandardService.startInternal Starting service [Catalina]
22-Apr-2019 17:45:17.137 INFO [main] org.apache.catalina.core.StandardEngine.startInternal Starting Servlet Engine: Apache Tomcat/8.5.40
22-Apr-2019 17:45:17.148 INFO [localhost-startStop-1] org.apache.catalina.startup.HostConfig.deployDirectory Deploying web application directory [/home/kimeuiyeon/HTML_Project/apache-tomcat-8.5.40/webapps/host-manager]
22-Apr-2019 17:45:17.473 INFO [localhost-startStop-1] org.apache.catalina.startup.HostConfig.deployDirectory Deployment of web application directory [/home/kimeuiyeon/HTML_Project/apache-tomcat-8.5.40/webapps/host-manager] has finished in [325] ms
22-Apr-2019 17:45:17.473 INFO [localhost-startStop-1] org.apache.catalina.startup.HostConfig.deployDirectory Deploying web application directory [/home/kimeuiyeon/HTML_Project/apache-tomcat-8.5.40/webapps/ROOT]
22-Apr-2019 17:45:17.494 INFO [localhost-startStop-1] org.apache.catalina.startup.HostConfig.deployDirectory Deployment of web application directory [/home/kimeuiyeon/HTML_Project/apache-tomcat-8.5.40/webapps/ROOT] has finished in [21] ms
22-Apr-2019 17:45:17.494 INFO [localhost-startStop-1] org.apache.catalina.startup.HostConfig.deployDirectory Deploying web application directory [/home/kimeuiyeon/HTML_Project/apache-tomcat-8.5.40/webapps/examples]
22-Apr-2019 17:45:17.845 INFO [localhost-startStop-1] org.apache.catalina.startup.HostConfig.deployDirectory Deployment of web application directory [/home/kimeuiyeon/HTML_Project/apache-tomcat-8.5.40/webapps/examples] has finished in [350] ms
22-Apr-2019 17:45:17.845 INFO [localhost-startStop-1] org.apache.catalina.startup.HostConfig.deployDirectory Deploying web application directory [/home/kimeuiyeon/HTML_Project/apache-tomcat-8.5.40/webapps/docs]
22-Apr-2019 17:45:17.864 INFO [localhost-startStop-1] org.apache.catalina.startup.HostConfig.deployDirectory Deployment of web application directory [/home/kimeuiyeon/HTML_Project/apache-tomcat-8.5.40/webapps/docs] has finished in [19] ms
22-Apr-2019 17:45:17.864 INFO [localhost-startStop-1] org.apache.catalina.startup.HostConfig.deployDirectory Deploying web application directory [/home/kimeuiyeon/HTML_Project/apache-tomcat-8.5.40/webapps/manager]
22-Apr-2019 17:45:17.891 INFO [localhost-startStop-1] org.apache.catalina.startup.HostConfig.deployDirectory Deployment of web application directory [/home/kimeuiyeon/HTML_Project/apache-tomcat-8.5.40/webapps/manager] has finished in [27] ms
22-Apr-2019 17:45:17.895 INFO [main] org.apache.coyote.AbstractProtocol.start Starting ProtocolHandler ["http-nio-8080"]
22-Apr-2019 17:45:17.903 INFO [main] org.apache.coyote.AbstractProtocol.start Starting ProtocolHandler ["ajp-nio-8009"]
22-Apr-2019 17:45:17.905 INFO [main] org.apache.catalina.startup.Catalina.start Server startup in 791 ms
22-Apr-2019 18:12:06.795 INFO [main] org.apache.catalina.core.StandardServer.await A valid shutdown command was received via the shutdown port. Stopping the Server instance.
22-Apr-2019 18:12:06.796 INFO [main] org.apache.coyote.AbstractProtocol.pause Pausing ProtocolHandler ["http-nio-8080"]
22-Apr-2019 18:12:06.806 INFO [main] org.apache.coyote.AbstractProtocol.pause Pausing ProtocolHandler ["ajp-nio-8009"]
22-Apr-2019 18:12:06.807 INFO [main] org.apache.catalina.core.StandardService.stopInternal Stopping service [Catalina]
22-Apr-2019 18:12:06.833 INFO [main] org.apache.coyote.AbstractProtocol.stop Stopping ProtocolHandler ["http-nio-8080"]
22-Apr-2019 18:12:06.835 INFO [main] org.apache.coyote.AbstractProtocol.stop Stopping ProtocolHandler ["ajp-nio-8009"]
22-Apr-2019 18:12:06.836 INFO [main] org.apache.coyote.AbstractProtocol.destroy Destroying ProtocolHandler ["http-nio-8080"]
22-Apr-2019 18:12:06.837 INFO [main] org.apache.coyote.AbstractProtocol.destroy Destroying ProtocolHandler ["ajp-nio-8009"]
23-Apr-2019 10:19:58.124 INFO [main] org.apache.catalina.startup.VersionLoggerListener.log Server version:        Apache Tomcat/8.5.40
23-Apr-2019 10:19:58.130 INFO [main] org.apache.catalina.startup.VersionLoggerListener.log Server built:          Apr 10 2019 14:31:19 UTC
23-Apr-2019 10:19:58.130 INFO [main] org.apache.catalina.startup.VersionLoggerListener.log Server number:         8.5.40.0
23-Apr-2019 10:19:58.131 INFO [main] org.apache.catalina.startup.VersionLoggerListener.log OS Name:               Linux
23-Apr-2019 10:19:58.131 INFO [main] org.apache.catalina.startup.VersionLoggerListener.log OS Version:            4.15.0-47-generic
23-Apr-2019 10:19:58.131 INFO [main] org.apache.catalina.startup.VersionLoggerListener.log Architecture:          amd64
23-Apr-2019 10:19:58.131 INFO [main] org.apache.catalina.startup.VersionLoggerListener.log Java Home:             /usr/lib/jvm/java-8-oracle/jre
23-Apr-2019 10:19:58.131 INFO [main] org.apache.catalina.startup.VersionLoggerListener.log JVM Version:           1.8.0_201-b09
23-Apr-2019 10:19:58.131 INFO [main] org.apache.catalina.startup.VersionLoggerListener.log JVM Vendor:            Oracle Corporation
23-Apr-2019 10:19:58.131 INFO [main] org.apache.catalina.startup.VersionLoggerListener.log CATALINA_BASE:         /home/kimeuiyeon/HTML_Project/apache-tomcat-8.5.40
23-Apr-2019 10:19:58.131 INFO [main] org.apache.catalina.startup.VersionLoggerListener.log CATALINA_HOME:         /home/kimeuiyeon/HTML_Project/apache-tomcat-8.5.40
23-Apr-2019 10:19:58.132 INFO [main] org.apache.catalina.startup.VersionLoggerListener.log Command line argument: -Djava.util.logging.config.file=/home/kimeuiyeon/HTML_Project/apache-tomcat-8.5.40/conf/logging.properties
23-Apr-2019 10:19:58.132 INFO [main] org.apache.catalina.startup.VersionLoggerListener.log Command line argument: -Djava.util.logging.manager=org.apache.juli.ClassLoaderLogManager
23-Apr-2019 10:19:58.132 INFO [main] org.apache.catalina.startup.VersionLoggerListener.log Command line argument: -Djdk.tls.ephemeralDHKeySize=2048
23-Apr-2019 10:19:58.132 INFO [main] org.apache.catalina.startup.VersionLoggerListener.log Command line argument: -Djava.protocol.handler.pkgs=org.apache.catalina.webresources
23-Apr-2019 10:19:58.132 INFO [main] org.apache.catalina.startup.VersionLoggerListener.log Command line argument: -Dorg.apache.catalina.security.SecurityListener.UMASK=0027
23-Apr-2019 10:19:58.133 INFO [main] org.apache.catalina.startup.VersionLoggerListener.log Command line argument: -Dignore.endorsed.dirs=
23-Apr-2019 10:19:58.133 INFO [main] org.apache.catalina.startup.VersionLoggerListener.log Command line argument: -Dcatalina.base=/home/kimeuiyeon/HTML_Project/apache-tomcat-8.5.40
23-Apr-2019 10:19:58.133 INFO [main] org.apache.catalina.startup.VersionLoggerListener.log Command line argument: -Dcatalina.home=/home/kimeuiyeon/HTML_Project/apache-tomcat-8.5.40
23-Apr-2019 10:19:58.133 INFO [main] org.apache.catalina.startup.VersionLoggerListener.log Command line argument: -Djava.io.tmpdir=/home/kimeuiyeon/HTML_Project/apache-tomcat-8.5.40/temp
23-Apr-2019 10:19:58.133 INFO [main] org.apache.catalina.core.AprLifecycleListener.lifecycleEvent The APR based Apache Tomcat Native library which allows optimal performance in production environments was not found on the java.library.path: [/usr/java/packages/lib/amd64:/usr/lib64:/lib64:/lib:/usr/lib]
23-Apr-2019 10:19:58.326 INFO [main] org.apache.coyote.AbstractProtocol.init Initializing ProtocolHandler ["http-nio-8080"]
23-Apr-2019 10:19:58.341 INFO [main] org.apache.tomcat.util.net.NioSelectorPool.getSharedSelector Using a shared selector for servlet write/read
23-Apr-2019 10:19:58.361 INFO [main] org.apache.coyote.AbstractProtocol.init Initializing ProtocolHandler ["ajp-nio-8009"]
23-Apr-2019 10:19:58.363 INFO [main] org.apache.tomcat.util.net.NioSelectorPool.getSharedSelector Using a shared selector for servlet write/read
23-Apr-2019 10:19:58.364 INFO [main] org.apache.catalina.startup.Catalina.load Initialization processed in 764 ms
23-Apr-2019 10:19:58.391 INFO [main] org.apache.catalina.core.StandardService.startInternal Starting service [Catalina]
23-Apr-2019 10:19:58.391 INFO [main] org.apache.catalina.core.StandardEngine.startInternal Starting Servlet Engine: Apache Tomcat/8.5.40
23-Apr-2019 10:19:58.405 INFO [localhost-startStop-1] org.apache.catalina.startup.HostConfig.deployDirectory Deploying web application directory [/home/kimeuiyeon/HTML_Project/apache-tomcat-8.5.40/webapps/host-manager]
23-Apr-2019 10:19:58.755 INFO [localhost-startStop-1] org.apache.catalina.startup.HostConfig.deployDirectory Deployment of web application directory [/home/kimeuiyeon/HTML_Project/apache-tomcat-8.5.40/webapps/host-manager] has finished in [349] ms
23-Apr-2019 10:19:58.755 INFO [localhost-startStop-1] org.apache.catalina.startup.HostConfig.deployDirectory Deploying web application directory [/home/kimeuiyeon/HTML_Project/apache-tomcat-8.5.40/webapps/ROOT]
23-Apr-2019 10:19:58.781 INFO [localhost-startStop-1] org.apache.catalina.startup.HostConfig.deployDirectory Deployment of web application directory [/home/kimeuiyeon/HTML_Project/apache-tomcat-8.5.40/webapps/ROOT] has finished in [26] ms
23-Apr-2019 10:19:58.782 INFO [localhost-startStop-1] org.apache.catalina.startup.HostConfig.deployDirectory Deploying web application directory [/home/kimeuiyeon/HTML_Project/apache-tomcat-8.5.40/webapps/examples]
23-Apr-2019 10:19:59.183 INFO [localhost-startStop-1] org.apache.catalina.startup.HostConfig.deployDirectory Deployment of web application directory [/home/kimeuiyeon/HTML_Project/apache-tomcat-8.5.40/webapps/examples] has finished in [402] ms
23-Apr-2019 10:19:59.184 INFO [localhost-startStop-1] org.apache.catalina.startup.HostConfig.deployDirectory Deploying web application directory [/home/kimeuiyeon/HTML_Project/apache-tomcat-8.5.40/webapps/docs]
23-Apr-2019 10:19:59.212 INFO [localhost-startStop-1] org.apache.catalina.startup.HostConfig.deployDirectory Deployment of web application directory [/home/kimeuiyeon/HTML_Project/apache-tomcat-8.5.40/webapps/docs] has finished in [29] ms
23-Apr-2019 10:19:59.212 INFO [localhost-startStop-1] org.apache.catalina.startup.HostConfig.deployDirectory Deploying web application directory [/home/kimeuiyeon/HTML_Project/apache-tomcat-8.5.40/webapps/manager]
23-Apr-2019 10:19:59.239 INFO [localhost-startStop-1] org.apache.catalina.startup.HostConfig.deployDirectory Deployment of web application directory [/home/kimeuiyeon/HTML_Project/apache-tomcat-8.5.40/webapps/manager] has finished in [26] ms
23-Apr-2019 10:19:59.241 INFO [main] org.apache.coyote.AbstractProtocol.start Starting ProtocolHandler ["http-nio-8080"]
23-Apr-2019 10:19:59.254 INFO [main] org.apache.coyote.AbstractProtocol.start Starting ProtocolHandler ["ajp-nio-8009"]
23-Apr-2019 10:19:59.269 INFO [main] org.apache.catalina.startup.Catalina.start Server startup in 904 ms
24-Apr-2019 20:12:09.756 INFO [main] org.apache.catalina.startup.VersionLoggerListener.log Server version:        Apache Tomcat/8.5.40
24-Apr-2019 20:12:09.759 INFO [main] org.apache.catalina.startup.VersionLoggerListener.log Server built:          Apr 10 2019 14:31:19 UTC
24-Apr-2019 20:12:09.759 INFO [main] org.apache.catalina.startup.VersionLoggerListener.log Server number:         8.5.40.0
24-Apr-2019 20:12:09.759 INFO [main] org.apache.catalina.startup.VersionLoggerListener.log OS Name:               Linux
24-Apr-2019 20:12:09.759 INFO [main] org.apache.catalina.startup.VersionLoggerListener.log OS Version:            4.15.0-47-generic
24-Apr-2019 20:12:09.759 INFO [main] org.apache.catalina.startup.VersionLoggerListener.log Architecture:          amd64
24-Apr-2019 20:12:09.760 INFO [main] org.apache.catalina.startup.VersionLoggerListener.log Java Home:             /usr/lib/jvm/java-8-oracle/jre
24-Apr-2019 20:12:09.760 INFO [main] org.apache.catalina.startup.VersionLoggerListener.log JVM Version:           1.8.0_201-b09
24-Apr-2019 20:12:09.760 INFO [main] org.apache.catalina.startup.VersionLoggerListener.log JVM Vendor:            Oracle Corporation
24-Apr-2019 20:12:09.760 INFO [main] org.apache.catalina.startup.VersionLoggerListener.log CATALINA_BASE:         /home/kimeuiyeon/HTML_Project/apache-tomcat-8.5.40
24-Apr-2019 20:12:09.760 INFO [main] org.apache.catalina.startup.VersionLoggerListener.log CATALINA_HOME:         /home/kimeuiyeon/HTML_Project/apache-tomcat-8.5.40
24-Apr-2019 20:12:09.761 INFO [main] org.apache.catalina.startup.VersionLoggerListener.log Command line argument: -Djava.util.logging.config.file=/home/kimeuiyeon/HTML_Project/apache-tomcat-8.5.40/conf/logging.properties
24-Apr-2019 20:12:09.761 INFO [main] org.apache.catalina.startup.VersionLoggerListener.log Command line argument: -Djava.util.logging.manager=org.apache.juli.ClassLoaderLogManager
24-Apr-2019 20:12:09.761 INFO [main] org.apache.catalina.startup.VersionLoggerListener.log Command line argument: -Djdk.tls.ephemeralDHKeySize=2048
24-Apr-2019 20:12:09.761 INFO [main] org.apache.catalina.startup.VersionLoggerListener.log Command line argument: -Djava.protocol.handler.pkgs=org.apache.catalina.webresources
24-Apr-2019 20:12:09.761 INFO [main] org.apache.catalina.startup.VersionLoggerListener.log Command line argument: -Dorg.apache.catalina.security.SecurityListener.UMASK=0027
24-Apr-2019 20:12:09.761 INFO [main] org.apache.catalina.startup.VersionLoggerListener.log Command line argument: -Dignore.endorsed.dirs=
24-Apr-2019 20:12:09.761 INFO [main] org.apache.catalina.startup.VersionLoggerListener.log Command line argument: -Dcatalina.base=/home/kimeuiyeon/HTML_Project/apache-tomcat-8.5.40
24-Apr-2019 20:12:09.761 INFO [main] org.apache.catalina.startup.VersionLoggerListener.log Command line argument: -Dcatalina.home=/home/kimeuiyeon/HTML_Project/apache-tomcat-8.5.40
24-Apr-2019 20:12:09.762 INFO [main] org.apache.catalina.startup.VersionLoggerListener.log Command line argument: -Djava.io.tmpdir=/home/kimeuiyeon/HTML_Project/apache-tomcat-8.5.40/temp
24-Apr-2019 20:12:09.762 INFO [main] org.apache.catalina.core.AprLifecycleListener.lifecycleEvent The APR based Apache Tomcat Native library which allows optimal performance in production environments was not found on the java.library.path: [/usr/java/packages/lib/amd64:/usr/lib64:/lib64:/lib:/usr/lib]
24-Apr-2019 20:12:09.919 INFO [main] org.apache.coyote.AbstractProtocol.init Initializing ProtocolHandler ["http-nio-8080"]
24-Apr-2019 20:12:09.931 SEVERE [main] org.apache.catalina.core.StandardService.initInternal Failed to initialize connector [Connector[HTTP/1.1-8080]]
 org.apache.catalina.LifecycleException: Failed to initialize component [Connector[HTTP/1.1-8080]]
	at org.apache.catalina.util.LifecycleBase.init(LifecycleBase.java:112)
	at org.apache.catalina.core.StandardService.initInternal(StandardService.java:552)
	at org.apache.catalina.util.LifecycleBase.init(LifecycleBase.java:107)
	at org.apache.catalina.core.StandardServer.initInternal(StandardServer.java:875)
	at org.apache.catalina.util.LifecycleBase.init(LifecycleBase.java:107)
	at org.apache.catalina.startup.Catalina.load(Catalina.java:639)
	at org.apache.catalina.startup.Catalina.load(Catalina.java:662)
	at sun.reflect.NativeMethodAccessorImpl.invoke0(Native Method)
	at sun.reflect.NativeMethodAccessorImpl.invoke(NativeMethodAccessorImpl.java:62)
	at sun.reflect.DelegatingMethodAccessorImpl.invoke(DelegatingMethodAccessorImpl.java:43)
	at java.lang.reflect.Method.invoke(Method.java:498)
	at org.apache.catalina.startup.Bootstrap.load(Bootstrap.java:309)
	at org.apache.catalina.startup.Bootstrap.main(Bootstrap.java:492)
Caused by: org.apache.catalina.LifecycleException: Protocol handler initialization failed
	at org.apache.catalina.connector.Connector.initInternal(Connector.java:995)
	at org.apache.catalina.util.LifecycleBase.init(LifecycleBase.java:107)
	... 12 more
Caused by: java.net.BindException: Address already in use
	at sun.nio.ch.Net.bind0(Native Method)
	at sun.nio.ch.Net.bind(Net.java:433)
	at sun.nio.ch.Net.bind(Net.java:425)
	at sun.nio.ch.ServerSocketChannelImpl.bind(ServerSocketChannelImpl.java:223)
	at sun.nio.ch.ServerSocketAdaptor.bind(ServerSocketAdaptor.java:74)
	at org.apache.tomcat.util.net.NioEndpoint.bind(NioEndpoint.java:219)
	at org.apache.tomcat.util.net.AbstractEndpoint.init(AbstractEndpoint.java:1105)
	at org.apache.tomcat.util.net.AbstractJsseEndpoint.init(AbstractJsseEndpoint.java:224)
	at org.apache.coyote.AbstractProtocol.init(AbstractProtocol.java:581)
	at org.apache.coyote.http11.AbstractHttp11Protocol.init(AbstractHttp11Protocol.java:68)
	at org.apache.catalina.connector.Connector.initInternal(Connector.java:993)
	... 13 more

24-Apr-2019 20:12:09.933 INFO [main] org.apache.coyote.AbstractProtocol.init Initializing ProtocolHandler ["ajp-nio-8009"]
24-Apr-2019 20:12:09.935 SEVERE [main] org.apache.catalina.core.StandardService.initInternal Failed to initialize connector [Connector[AJP/1.3-8009]]
 org.apache.catalina.LifecycleException: Failed to initialize component [Connector[AJP/1.3-8009]]
	at org.apache.catalina.util.LifecycleBase.init(LifecycleBase.java:112)
	at org.apache.catalina.core.StandardService.initInternal(StandardService.java:552)
	at org.apache.catalina.util.LifecycleBase.init(LifecycleBase.java:107)
	at org.apache.catalina.core.StandardServer.initInternal(StandardServer.java:875)
	at org.apache.catalina.util.LifecycleBase.init(LifecycleBase.java:107)
	at org.apache.catalina.startup.Catalina.load(Catalina.java:639)
	at org.apache.catalina.startup.Catalina.load(Catalina.java:662)
	at sun.reflect.NativeMethodAccessorImpl.invoke0(Native Method)
	at sun.reflect.NativeMethodAccessorImpl.invoke(NativeMethodAccessorImpl.java:62)
	at sun.reflect.DelegatingMethodAccessorImpl.invoke(DelegatingMethodAccessorImpl.java:43)
	at java.lang.reflect.Method.invoke(Method.java:498)
	at org.apache.catalina.startup.Bootstrap.load(Bootstrap.java:309)
	at org.apache.catalina.startup.Bootstrap.main(Bootstrap.java:492)
Caused by: org.apache.catalina.LifecycleException: Protocol handler initialization failed
	at org.apache.catalina.connector.Connector.initInternal(Connector.java:995)
	at org.apache.catalina.util.LifecycleBase.init(LifecycleBase.java:107)
	... 12 more
Caused by: java.net.BindException: Address already in use
	at sun.nio.ch.Net.bind0(Native Method)
	at sun.nio.ch.Net.bind(Net.java:433)
	at sun.nio.ch.Net.bind(Net.java:425)
	at sun.nio.ch.ServerSocketChannelImpl.bind(ServerSocketChannelImpl.java:223)
	at sun.nio.ch.ServerSocketAdaptor.bind(ServerSocketAdaptor.java:74)
	at org.apache.tomcat.util.net.NioEndpoint.bind(NioEndpoint.java:219)
	at org.apache.tomcat.util.net.AbstractEndpoint.init(AbstractEndpoint.java:1105)
	at org.apache.tomcat.util.net.AbstractJsseEndpoint.init(AbstractJsseEndpoint.java:224)
	at org.apache.coyote.AbstractProtocol.init(AbstractProtocol.java:581)
	at org.apache.catalina.connector.Connector.initInternal(Connector.java:993)
	... 13 more

24-Apr-2019 20:12:09.936 INFO [main] org.apache.catalina.startup.Catalina.load Initialization processed in 619 ms
24-Apr-2019 20:12:09.964 INFO [main] org.apache.catalina.core.StandardService.startInternal Starting service [Catalina]
24-Apr-2019 20:12:09.965 INFO [main] org.apache.catalina.core.StandardEngine.startInternal Starting Servlet Engine: Apache Tomcat/8.5.40
24-Apr-2019 20:12:09.976 INFO [localhost-startStop-1] org.apache.catalina.startup.HostConfig.deployDirectory Deploying web application directory [/home/kimeuiyeon/HTML_Project/apache-tomcat-8.5.40/webapps/host-manager]
24-Apr-2019 20:12:10.291 INFO [localhost-startStop-1] org.apache.catalina.startup.HostConfig.deployDirectory Deployment of web application directory [/home/kimeuiyeon/HTML_Project/apache-tomcat-8.5.40/webapps/host-manager] has finished in [315] ms
24-Apr-2019 20:12:10.292 INFO [localhost-startStop-1] org.apache.catalina.startup.HostConfig.deployDirectory Deploying web application directory [/home/kimeuiyeon/HTML_Project/apache-tomcat-8.5.40/webapps/ROOT]
24-Apr-2019 20:12:10.314 INFO [localhost-startStop-1] org.apache.catalina.startup.HostConfig.deployDirectory Deployment of web application directory [/home/kimeuiyeon/HTML_Project/apache-tomcat-8.5.40/webapps/ROOT] has finished in [22] ms
24-Apr-2019 20:12:10.314 INFO [localhost-startStop-1] org.apache.catalina.startup.HostConfig.deployDirectory Deploying web application directory [/home/kimeuiyeon/HTML_Project/apache-tomcat-8.5.40/webapps/examples]
24-Apr-2019 20:12:10.616 INFO [localhost-startStop-1] org.apache.catalina.startup.HostConfig.deployDirectory Deployment of web application directory [/home/kimeuiyeon/HTML_Project/apache-tomcat-8.5.40/webapps/examples] has finished in [302] ms
24-Apr-2019 20:12:10.616 INFO [localhost-startStop-1] org.apache.catalina.startup.HostConfig.deployDirectory Deploying web application directory [/home/kimeuiyeon/HTML_Project/apache-tomcat-8.5.40/webapps/docs]
24-Apr-2019 20:12:10.635 INFO [localhost-startStop-1] org.apache.catalina.startup.HostConfig.deployDirectory Deployment of web application directory [/home/kimeuiyeon/HTML_Project/apache-tomcat-8.5.40/webapps/docs] has finished in [19] ms
24-Apr-2019 20:12:10.652 INFO [localhost-startStop-1] org.apache.catalina.startup.HostConfig.deployDirectory Deploying web application directory [/home/kimeuiyeon/HTML_Project/apache-tomcat-8.5.40/webapps/manager]
24-Apr-2019 20:12:10.683 INFO [localhost-startStop-1] org.apache.catalina.startup.HostConfig.deployDirectory Deployment of web application directory [/home/kimeuiyeon/HTML_Project/apache-tomcat-8.5.40/webapps/manager] has finished in [31] ms
24-Apr-2019 20:12:10.687 INFO [main] org.apache.catalina.startup.Catalina.start Server startup in 750 ms
24-Apr-2019 20:12:10.689 SEVERE [main] org.apache.catalina.core.StandardServer.await StandardServer.await: create[localhost:8005]: 
 java.net.BindException: Address already in use (Bind failed)
	at java.net.PlainSocketImpl.socketBind(Native Method)
	at java.net.AbstractPlainSocketImpl.bind(AbstractPlainSocketImpl.java:387)
	at java.net.ServerSocket.bind(ServerSocket.java:375)
	at java.net.ServerSocket.<init>(ServerSocket.java:237)
	at org.apache.catalina.core.StandardServer.await(StandardServer.java:440)
	at org.apache.catalina.startup.Catalina.await(Catalina.java:776)
	at org.apache.catalina.startup.Catalina.start(Catalina.java:722)
	at sun.reflect.NativeMethodAccessorImpl.invoke0(Native Method)
	at sun.reflect.NativeMethodAccessorImpl.invoke(NativeMethodAccessorImpl.java:62)
	at sun.reflect.DelegatingMethodAccessorImpl.invoke(DelegatingMethodAccessorImpl.java:43)
	at java.lang.reflect.Method.invoke(Method.java:498)
	at org.apache.catalina.startup.Bootstrap.start(Bootstrap.java:353)
	at org.apache.catalina.startup.Bootstrap.main(Bootstrap.java:493)

24-Apr-2019 20:12:10.689 INFO [main] org.apache.coyote.AbstractProtocol.pause Pausing ProtocolHandler ["http-nio-8080"]
24-Apr-2019 20:12:10.690 INFO [main] org.apache.coyote.AbstractProtocol.pause Pausing ProtocolHandler ["ajp-nio-8009"]
24-Apr-2019 20:12:10.690 INFO [main] org.apache.catalina.core.StandardService.stopInternal Stopping service [Catalina]
24-Apr-2019 20:12:10.716 INFO [main] org.apache.coyote.AbstractProtocol.stop Stopping ProtocolHandler ["http-nio-8080"]
24-Apr-2019 20:12:10.716 INFO [main] org.apache.coyote.AbstractProtocol.destroy Destroying ProtocolHandler ["http-nio-8080"]
24-Apr-2019 20:12:10.716 INFO [main] org.apache.coyote.AbstractProtocol.stop Stopping ProtocolHandler ["ajp-nio-8009"]
24-Apr-2019 20:12:10.717 INFO [main] org.apache.coyote.AbstractProtocol.destroy Destroying ProtocolHandler ["ajp-nio-8009"]
25-Apr-2019 08:44:10.060 INFO [main] org.apache.catalina.startup.VersionLoggerListener.log Server version:        Apache Tomcat/8.5.40
25-Apr-2019 08:44:10.071 INFO [main] org.apache.catalina.startup.VersionLoggerListener.log Server built:          Apr 10 2019 14:31:19 UTC
25-Apr-2019 08:44:10.071 INFO [main] org.apache.catalina.startup.VersionLoggerListener.log Server number:         8.5.40.0
25-Apr-2019 08:44:10.072 INFO [main] org.apache.catalina.startup.VersionLoggerListener.log OS Name:               Linux
25-Apr-2019 08:44:10.072 INFO [main] org.apache.catalina.startup.VersionLoggerListener.log OS Version:            4.15.0-48-generic
25-Apr-2019 08:44:10.072 INFO [main] org.apache.catalina.startup.VersionLoggerListener.log Architecture:          amd64
25-Apr-2019 08:44:10.072 INFO [main] org.apache.catalina.startup.VersionLoggerListener.log Java Home:             /usr/lib/jvm/java-8-oracle/jre
25-Apr-2019 08:44:10.072 INFO [main] org.apache.catalina.startup.VersionLoggerListener.log JVM Version:           1.8.0_201-b09
25-Apr-2019 08:44:10.072 INFO [main] org.apache.catalina.startup.VersionLoggerListener.log JVM Vendor:            Oracle Corporation
25-Apr-2019 08:44:10.072 INFO [main] org.apache.catalina.startup.VersionLoggerListener.log CATALINA_BASE:         /home/kimeuiyeon/HTML_Project/apache-tomcat-8.5.40
25-Apr-2019 08:44:10.072 INFO [main] org.apache.catalina.startup.VersionLoggerListener.log CATALINA_HOME:         /home/kimeuiyeon/HTML_Project/apache-tomcat-8.5.40
25-Apr-2019 08:44:10.073 INFO [main] org.apache.catalina.startup.VersionLoggerListener.log Command line argument: -Djava.util.logging.config.file=/home/kimeuiyeon/HTML_Project/apache-tomcat-8.5.40/conf/logging.properties
25-Apr-2019 08:44:10.073 INFO [main] org.apache.catalina.startup.VersionLoggerListener.log Command line argument: -Djava.util.logging.manager=org.apache.juli.ClassLoaderLogManager
25-Apr-2019 08:44:10.073 INFO [main] org.apache.catalina.startup.VersionLoggerListener.log Command line argument: -Djdk.tls.ephemeralDHKeySize=2048
25-Apr-2019 08:44:10.073 INFO [main] org.apache.catalina.startup.VersionLoggerListener.log Command line argument: -Djava.protocol.handler.pkgs=org.apache.catalina.webresources
25-Apr-2019 08:44:10.073 INFO [main] org.apache.catalina.startup.VersionLoggerListener.log Command line argument: -Dorg.apache.catalina.security.SecurityListener.UMASK=0027
25-Apr-2019 08:44:10.074 INFO [main] org.apache.catalina.startup.VersionLoggerListener.log Command line argument: -Dignore.endorsed.dirs=
25-Apr-2019 08:44:10.074 INFO [main] org.apache.catalina.startup.VersionLoggerListener.log Command line argument: -Dcatalina.base=/home/kimeuiyeon/HTML_Project/apache-tomcat-8.5.40
25-Apr-2019 08:44:10.074 INFO [main] org.apache.catalina.startup.VersionLoggerListener.log Command line argument: -Dcatalina.home=/home/kimeuiyeon/HTML_Project/apache-tomcat-8.5.40
25-Apr-2019 08:44:10.074 INFO [main] org.apache.catalina.startup.VersionLoggerListener.log Command line argument: -Djava.io.tmpdir=/home/kimeuiyeon/HTML_Project/apache-tomcat-8.5.40/temp
25-Apr-2019 08:44:10.074 INFO [main] org.apache.catalina.core.AprLifecycleListener.lifecycleEvent The APR based Apache Tomcat Native library which allows optimal performance in production environments was not found on the java.library.path: [/usr/java/packages/lib/amd64:/usr/lib64:/lib64:/lib:/usr/lib]
25-Apr-2019 08:44:10.291 INFO [main] org.apache.coyote.AbstractProtocol.init Initializing ProtocolHandler ["http-nio-8080"]
25-Apr-2019 08:44:10.308 INFO [main] org.apache.tomcat.util.net.NioSelectorPool.getSharedSelector Using a shared selector for servlet write/read
25-Apr-2019 08:44:10.328 INFO [main] org.apache.coyote.AbstractProtocol.init Initializing ProtocolHandler ["ajp-nio-8009"]
25-Apr-2019 08:44:10.330 INFO [main] org.apache.tomcat.util.net.NioSelectorPool.getSharedSelector Using a shared selector for servlet write/read
25-Apr-2019 08:44:10.335 INFO [main] org.apache.catalina.startup.Catalina.load Initialization processed in 897 ms
25-Apr-2019 08:44:10.371 INFO [main] org.apache.catalina.core.StandardService.startInternal Starting service [Catalina]
25-Apr-2019 08:44:10.372 INFO [main] org.apache.catalina.core.StandardEngine.startInternal Starting Servlet Engine: Apache Tomcat/8.5.40
25-Apr-2019 08:44:10.391 INFO [localhost-startStop-1] org.apache.catalina.startup.HostConfig.deployDirectory Deploying web application directory [/home/kimeuiyeon/HTML_Project/apache-tomcat-8.5.40/webapps/host-manager]
25-Apr-2019 08:44:10.751 INFO [localhost-startStop-1] org.apache.catalina.startup.HostConfig.deployDirectory Deployment of web application directory [/home/kimeuiyeon/HTML_Project/apache-tomcat-8.5.40/webapps/host-manager] has finished in [360] ms
25-Apr-2019 08:44:10.752 INFO [localhost-startStop-1] org.apache.catalina.startup.HostConfig.deployDirectory Deploying web application directory [/home/kimeuiyeon/HTML_Project/apache-tomcat-8.5.40/webapps/ROOT]
25-Apr-2019 08:44:10.778 INFO [localhost-startStop-1] org.apache.catalina.startup.HostConfig.deployDirectory Deployment of web application directory [/home/kimeuiyeon/HTML_Project/apache-tomcat-8.5.40/webapps/ROOT] has finished in [25] ms
25-Apr-2019 08:44:10.778 INFO [localhost-startStop-1] org.apache.catalina.startup.HostConfig.deployDirectory Deploying web application directory [/home/kimeuiyeon/HTML_Project/apache-tomcat-8.5.40/webapps/examples]
25-Apr-2019 08:44:11.166 INFO [localhost-startStop-1] org.apache.catalina.startup.HostConfig.deployDirectory Deployment of web application directory [/home/kimeuiyeon/HTML_Project/apache-tomcat-8.5.40/webapps/examples] has finished in [388] ms
25-Apr-2019 08:44:11.167 INFO [localhost-startStop-1] org.apache.catalina.startup.HostConfig.deployDirectory Deploying web application directory [/home/kimeuiyeon/HTML_Project/apache-tomcat-8.5.40/webapps/docs]
25-Apr-2019 08:44:11.187 INFO [localhost-startStop-1] org.apache.catalina.startup.HostConfig.deployDirectory Deployment of web application directory [/home/kimeuiyeon/HTML_Project/apache-tomcat-8.5.40/webapps/docs] has finished in [20] ms
25-Apr-2019 08:44:11.188 INFO [localhost-startStop-1] org.apache.catalina.startup.HostConfig.deployDirectory Deploying web application directory [/home/kimeuiyeon/HTML_Project/apache-tomcat-8.5.40/webapps/manager]
25-Apr-2019 08:44:11.218 INFO [localhost-startStop-1] org.apache.catalina.startup.HostConfig.deployDirectory Deployment of web application directory [/home/kimeuiyeon/HTML_Project/apache-tomcat-8.5.40/webapps/manager] has finished in [30] ms
25-Apr-2019 08:44:11.221 INFO [main] org.apache.coyote.AbstractProtocol.start Starting ProtocolHandler ["http-nio-8080"]
25-Apr-2019 08:44:11.230 INFO [main] org.apache.coyote.AbstractProtocol.start Starting ProtocolHandler ["ajp-nio-8009"]
25-Apr-2019 08:44:11.231 INFO [main] org.apache.catalina.startup.Catalina.start Server startup in 895 ms
25-Apr-2019 16:36:51.803 INFO [main] org.apache.catalina.core.StandardServer.await A valid shutdown command was received via the shutdown port. Stopping the Server instance.
25-Apr-2019 16:36:51.804 INFO [main] org.apache.coyote.AbstractProtocol.pause Pausing ProtocolHandler ["http-nio-8080"]
25-Apr-2019 16:36:51.808 INFO [main] org.apache.coyote.AbstractProtocol.pause Pausing ProtocolHandler ["ajp-nio-8009"]
25-Apr-2019 16:36:51.814 INFO [main] org.apache.catalina.core.StandardService.stopInternal Stopping service [Catalina]
25-Apr-2019 16:36:51.850 INFO [main] org.apache.coyote.AbstractProtocol.stop Stopping ProtocolHandler ["http-nio-8080"]
25-Apr-2019 16:36:51.851 INFO [main] org.apache.coyote.AbstractProtocol.stop Stopping ProtocolHandler ["ajp-nio-8009"]
25-Apr-2019 16:36:51.853 INFO [main] org.apache.coyote.AbstractProtocol.destroy Destroying ProtocolHandler ["http-nio-8080"]
25-Apr-2019 16:36:51.855 INFO [main] org.apache.coyote.AbstractProtocol.destroy Destroying ProtocolHandler ["ajp-nio-8009"]
25-Apr-2019 18:13:18.519 INFO [main] org.apache.catalina.startup.VersionLoggerListener.log Server version:        Apache Tomcat/8.5.40
25-Apr-2019 18:13:18.522 INFO [main] org.apache.catalina.startup.VersionLoggerListener.log Server built:          Apr 10 2019 14:31:19 UTC
25-Apr-2019 18:13:18.522 INFO [main] org.apache.catalina.startup.VersionLoggerListener.log Server number:         8.5.40.0
25-Apr-2019 18:13:18.522 INFO [main] org.apache.catalina.startup.VersionLoggerListener.log OS Name:               Linux
25-Apr-2019 18:13:18.523 INFO [main] org.apache.catalina.startup.VersionLoggerListener.log OS Version:            4.15.0-48-generic
25-Apr-2019 18:13:18.523 INFO [main] org.apache.catalina.startup.VersionLoggerListener.log Architecture:          amd64
25-Apr-2019 18:13:18.523 INFO [main] org.apache.catalina.startup.VersionLoggerListener.log Java Home:             /usr/lib/jvm/java-8-oracle/jre
25-Apr-2019 18:13:18.523 INFO [main] org.apache.catalina.startup.VersionLoggerListener.log JVM Version:           1.8.0_201-b09
25-Apr-2019 18:13:18.523 INFO [main] org.apache.catalina.startup.VersionLoggerListener.log JVM Vendor:            Oracle Corporation
25-Apr-2019 18:13:18.523 INFO [main] org.apache.catalina.startup.VersionLoggerListener.log CATALINA_BASE:         /home/kimeuiyeon/HTML_Project/apache-tomcat-8.5.40
25-Apr-2019 18:13:18.523 INFO [main] org.apache.catalina.startup.VersionLoggerListener.log CATALINA_HOME:         /home/kimeuiyeon/HTML_Project/apache-tomcat-8.5.40
25-Apr-2019 18:13:18.524 INFO [main] org.apache.catalina.startup.VersionLoggerListener.log Command line argument: -Djava.util.logging.config.file=/home/kimeuiyeon/HTML_Project/apache-tomcat-8.5.40/conf/logging.properties
25-Apr-2019 18:13:18.524 INFO [main] org.apache.catalina.startup.VersionLoggerListener.log Command line argument: -Djava.util.logging.manager=org.apache.juli.ClassLoaderLogManager
25-Apr-2019 18:13:18.524 INFO [main] org.apache.catalina.startup.VersionLoggerListener.log Command line argument: -Djdk.tls.ephemeralDHKeySize=2048
25-Apr-2019 18:13:18.524 INFO [main] org.apache.catalina.startup.VersionLoggerListener.log Command line argument: -Djava.protocol.handler.pkgs=org.apache.catalina.webresources
25-Apr-2019 18:13:18.524 INFO [main] org.apache.catalina.startup.VersionLoggerListener.log Command line argument: -Dorg.apache.catalina.security.SecurityListener.UMASK=0027
25-Apr-2019 18:13:18.524 INFO [main] org.apache.catalina.startup.VersionLoggerListener.log Command line argument: -Dignore.endorsed.dirs=
25-Apr-2019 18:13:18.525 INFO [main] org.apache.catalina.startup.VersionLoggerListener.log Command line argument: -Dcatalina.base=/home/kimeuiyeon/HTML_Project/apache-tomcat-8.5.40
25-Apr-2019 18:13:18.525 INFO [main] org.apache.catalina.startup.VersionLoggerListener.log Command line argument: -Dcatalina.home=/home/kimeuiyeon/HTML_Project/apache-tomcat-8.5.40
25-Apr-2019 18:13:18.525 INFO [main] org.apache.catalina.startup.VersionLoggerListener.log Command line argument: -Djava.io.tmpdir=/home/kimeuiyeon/HTML_Project/apache-tomcat-8.5.40/temp
25-Apr-2019 18:13:18.525 INFO [main] org.apache.catalina.core.AprLifecycleListener.lifecycleEvent The APR based Apache Tomcat Native library which allows optimal performance in production environments was not found on the java.library.path: [/usr/java/packages/lib/amd64:/usr/lib64:/lib64:/lib:/usr/lib]
25-Apr-2019 18:13:18.690 INFO [main] org.apache.coyote.AbstractProtocol.init Initializing ProtocolHandler ["http-nio-8080"]
25-Apr-2019 18:13:18.700 INFO [main] org.apache.tomcat.util.net.NioSelectorPool.getSharedSelector Using a shared selector for servlet write/read
25-Apr-2019 18:13:18.718 INFO [main] org.apache.coyote.AbstractProtocol.init Initializing ProtocolHandler ["ajp-nio-8009"]
25-Apr-2019 18:13:18.720 INFO [main] org.apache.tomcat.util.net.NioSelectorPool.getSharedSelector Using a shared selector for servlet write/read
25-Apr-2019 18:13:18.722 INFO [main] org.apache.catalina.startup.Catalina.load Initialization processed in 617 ms
25-Apr-2019 18:13:18.750 INFO [main] org.apache.catalina.core.StandardService.startInternal Starting service [Catalina]
25-Apr-2019 18:13:18.750 INFO [main] org.apache.catalina.core.StandardEngine.startInternal Starting Servlet Engine: Apache Tomcat/8.5.40
25-Apr-2019 18:13:18.758 INFO [localhost-startStop-1] org.apache.catalina.startup.HostConfig.deployDirectory Deploying web application directory [/home/kimeuiyeon/HTML_Project/apache-tomcat-8.5.40/webapps/host-manager]
25-Apr-2019 18:13:19.046 INFO [localhost-startStop-1] org.apache.catalina.startup.HostConfig.deployDirectory Deployment of web application directory [/home/kimeuiyeon/HTML_Project/apache-tomcat-8.5.40/webapps/host-manager] has finished in [288] ms
25-Apr-2019 18:13:19.046 INFO [localhost-startStop-1] org.apache.catalina.startup.HostConfig.deployDirectory Deploying web application directory [/home/kimeuiyeon/HTML_Project/apache-tomcat-8.5.40/webapps/ROOT]
25-Apr-2019 18:13:19.069 INFO [localhost-startStop-1] org.apache.catalina.startup.HostConfig.deployDirectory Deployment of web application directory [/home/kimeuiyeon/HTML_Project/apache-tomcat-8.5.40/webapps/ROOT] has finished in [23] ms
25-Apr-2019 18:13:19.069 INFO [localhost-startStop-1] org.apache.catalina.startup.HostConfig.deployDirectory Deploying web application directory [/home/kimeuiyeon/HTML_Project/apache-tomcat-8.5.40/webapps/examples]
25-Apr-2019 18:13:19.394 INFO [localhost-startStop-1] org.apache.catalina.startup.HostConfig.deployDirectory Deployment of web application directory [/home/kimeuiyeon/HTML_Project/apache-tomcat-8.5.40/webapps/examples] has finished in [324] ms
25-Apr-2019 18:13:19.394 INFO [localhost-startStop-1] org.apache.catalina.startup.HostConfig.deployDirectory Deploying web application directory [/home/kimeuiyeon/HTML_Project/apache-tomcat-8.5.40/webapps/docs]
25-Apr-2019 18:13:19.413 INFO [localhost-startStop-1] org.apache.catalina.startup.HostConfig.deployDirectory Deployment of web application directory [/home/kimeuiyeon/HTML_Project/apache-tomcat-8.5.40/webapps/docs] has finished in [19] ms
25-Apr-2019 18:13:19.413 INFO [localhost-startStop-1] org.apache.catalina.startup.HostConfig.deployDirectory Deploying web application directory [/home/kimeuiyeon/HTML_Project/apache-tomcat-8.5.40/webapps/manager]
25-Apr-2019 18:13:19.440 INFO [localhost-startStop-1] org.apache.catalina.startup.HostConfig.deployDirectory Deployment of web application directory [/home/kimeuiyeon/HTML_Project/apache-tomcat-8.5.40/webapps/manager] has finished in [27] ms
25-Apr-2019 18:13:19.444 INFO [main] org.apache.coyote.AbstractProtocol.start Starting ProtocolHandler ["http-nio-8080"]
25-Apr-2019 18:13:19.467 INFO [main] org.apache.coyote.AbstractProtocol.start Starting ProtocolHandler ["ajp-nio-8009"]
25-Apr-2019 18:13:19.471 INFO [main] org.apache.catalina.startup.Catalina.start Server startup in 748 ms
26-Apr-2019 16:38:53.950 INFO [main] org.apache.catalina.startup.VersionLoggerListener.log Server version:        Apache Tomcat/8.5.40
26-Apr-2019 16:38:53.952 INFO [main] org.apache.catalina.startup.VersionLoggerListener.log Server built:          Apr 10 2019 14:31:19 UTC
26-Apr-2019 16:38:53.953 INFO [main] org.apache.catalina.startup.VersionLoggerListener.log Server number:         8.5.40.0
26-Apr-2019 16:38:53.953 INFO [main] org.apache.catalina.startup.VersionLoggerListener.log OS Name:               Linux
26-Apr-2019 16:38:53.953 INFO [main] org.apache.catalina.startup.VersionLoggerListener.log OS Version:            4.15.0-48-generic
26-Apr-2019 16:38:53.953 INFO [main] org.apache.catalina.startup.VersionLoggerListener.log Architecture:          amd64
26-Apr-2019 16:38:53.953 INFO [main] org.apache.catalina.startup.VersionLoggerListener.log Java Home:             /usr/lib/jvm/java-8-oracle/jre
26-Apr-2019 16:38:53.953 INFO [main] org.apache.catalina.startup.VersionLoggerListener.log JVM Version:           1.8.0_201-b09
26-Apr-2019 16:38:53.953 INFO [main] org.apache.catalina.startup.VersionLoggerListener.log JVM Vendor:            Oracle Corporation
26-Apr-2019 16:38:53.953 INFO [main] org.apache.catalina.startup.VersionLoggerListener.log CATALINA_BASE:         /home/kimeuiyeon/HTML_Project/apache-tomcat-8.5.40
26-Apr-2019 16:38:53.953 INFO [main] org.apache.catalina.startup.VersionLoggerListener.log CATALINA_HOME:         /home/kimeuiyeon/HTML_Project/apache-tomcat-8.5.40
26-Apr-2019 16:38:53.953 INFO [main] org.apache.catalina.startup.VersionLoggerListener.log Command line argument: -Djava.util.logging.config.file=/home/kimeuiyeon/HTML_Project/apache-tomcat-8.5.40/conf/logging.properties
26-Apr-2019 16:38:53.954 INFO [main] org.apache.catalina.startup.VersionLoggerListener.log Command line argument: -Djava.util.logging.manager=org.apache.juli.ClassLoaderLogManager
26-Apr-2019 16:38:53.954 INFO [main] org.apache.catalina.startup.VersionLoggerListener.log Command line argument: -Djdk.tls.ephemeralDHKeySize=2048
26-Apr-2019 16:38:53.954 INFO [main] org.apache.catalina.startup.VersionLoggerListener.log Command line argument: -Djava.protocol.handler.pkgs=org.apache.catalina.webresources
26-Apr-2019 16:38:53.954 INFO [main] org.apache.catalina.startup.VersionLoggerListener.log Command line argument: -Dorg.apache.catalina.security.SecurityListener.UMASK=0027
26-Apr-2019 16:38:53.954 INFO [main] org.apache.catalina.startup.VersionLoggerListener.log Command line argument: -Dignore.endorsed.dirs=
26-Apr-2019 16:38:53.954 INFO [main] org.apache.catalina.startup.VersionLoggerListener.log Command line argument: -Dcatalina.base=/home/kimeuiyeon/HTML_Project/apache-tomcat-8.5.40
26-Apr-2019 16:38:53.954 INFO [main] org.apache.catalina.startup.VersionLoggerListener.log Command line argument: -Dcatalina.home=/home/kimeuiyeon/HTML_Project/apache-tomcat-8.5.40
26-Apr-2019 16:38:53.954 INFO [main] org.apache.catalina.startup.VersionLoggerListener.log Command line argument: -Djava.io.tmpdir=/home/kimeuiyeon/HTML_Project/apache-tomcat-8.5.40/temp
26-Apr-2019 16:38:53.955 INFO [main] org.apache.catalina.core.AprLifecycleListener.lifecycleEvent The APR based Apache Tomcat Native library which allows optimal performance in production environments was not found on the java.library.path: [/usr/java/packages/lib/amd64:/usr/lib64:/lib64:/lib:/usr/lib]
26-Apr-2019 16:38:54.119 INFO [main] org.apache.coyote.AbstractProtocol.init Initializing ProtocolHandler ["http-nio-8080"]
26-Apr-2019 16:38:54.136 SEVERE [main] org.apache.catalina.core.StandardService.initInternal Failed to initialize connector [Connector[HTTP/1.1-8080]]
 org.apache.catalina.LifecycleException: Failed to initialize component [Connector[HTTP/1.1-8080]]
	at org.apache.catalina.util.LifecycleBase.init(LifecycleBase.java:112)
	at org.apache.catalina.core.StandardService.initInternal(StandardService.java:552)
	at org.apache.catalina.util.LifecycleBase.init(LifecycleBase.java:107)
	at org.apache.catalina.core.StandardServer.initInternal(StandardServer.java:875)
	at org.apache.catalina.util.LifecycleBase.init(LifecycleBase.java:107)
	at org.apache.catalina.startup.Catalina.load(Catalina.java:639)
	at org.apache.catalina.startup.Catalina.load(Catalina.java:662)
	at sun.reflect.NativeMethodAccessorImpl.invoke0(Native Method)
	at sun.reflect.NativeMethodAccessorImpl.invoke(NativeMethodAccessorImpl.java:62)
	at sun.reflect.DelegatingMethodAccessorImpl.invoke(DelegatingMethodAccessorImpl.java:43)
	at java.lang.reflect.Method.invoke(Method.java:498)
	at org.apache.catalina.startup.Bootstrap.load(Bootstrap.java:309)
	at org.apache.catalina.startup.Bootstrap.main(Bootstrap.java:492)
Caused by: org.apache.catalina.LifecycleException: Protocol handler initialization failed
	at org.apache.catalina.connector.Connector.initInternal(Connector.java:995)
	at org.apache.catalina.util.LifecycleBase.init(LifecycleBase.java:107)
	... 12 more
Caused by: java.net.BindException: Address already in use
	at sun.nio.ch.Net.bind0(Native Method)
	at sun.nio.ch.Net.bind(Net.java:433)
	at sun.nio.ch.Net.bind(Net.java:425)
	at sun.nio.ch.ServerSocketChannelImpl.bind(ServerSocketChannelImpl.java:223)
	at sun.nio.ch.ServerSocketAdaptor.bind(ServerSocketAdaptor.java:74)
	at org.apache.tomcat.util.net.NioEndpoint.bind(NioEndpoint.java:219)
	at org.apache.tomcat.util.net.AbstractEndpoint.init(AbstractEndpoint.java:1105)
	at org.apache.tomcat.util.net.AbstractJsseEndpoint.init(AbstractJsseEndpoint.java:224)
	at org.apache.coyote.AbstractProtocol.init(AbstractProtocol.java:581)
	at org.apache.coyote.http11.AbstractHttp11Protocol.init(AbstractHttp11Protocol.java:68)
	at org.apache.catalina.connector.Connector.initInternal(Connector.java:993)
	... 13 more

26-Apr-2019 16:38:54.138 INFO [main] org.apache.coyote.AbstractProtocol.init Initializing ProtocolHandler ["ajp-nio-8009"]
26-Apr-2019 16:38:54.140 SEVERE [main] org.apache.catalina.core.StandardService.initInternal Failed to initialize connector [Connector[AJP/1.3-8009]]
 org.apache.catalina.LifecycleException: Failed to initialize component [Connector[AJP/1.3-8009]]
	at org.apache.catalina.util.LifecycleBase.init(LifecycleBase.java:112)
	at org.apache.catalina.core.StandardService.initInternal(StandardService.java:552)
	at org.apache.catalina.util.LifecycleBase.init(LifecycleBase.java:107)
	at org.apache.catalina.core.StandardServer.initInternal(StandardServer.java:875)
	at org.apache.catalina.util.LifecycleBase.init(LifecycleBase.java:107)
	at org.apache.catalina.startup.Catalina.load(Catalina.java:639)
	at org.apache.catalina.startup.Catalina.load(Catalina.java:662)
	at sun.reflect.NativeMethodAccessorImpl.invoke0(Native Method)
	at sun.reflect.NativeMethodAccessorImpl.invoke(NativeMethodAccessorImpl.java:62)
	at sun.reflect.DelegatingMethodAccessorImpl.invoke(DelegatingMethodAccessorImpl.java:43)
	at java.lang.reflect.Method.invoke(Method.java:498)
	at org.apache.catalina.startup.Bootstrap.load(Bootstrap.java:309)
	at org.apache.catalina.startup.Bootstrap.main(Bootstrap.java:492)
Caused by: org.apache.catalina.LifecycleException: Protocol handler initialization failed
	at org.apache.catalina.connector.Connector.initInternal(Connector.java:995)
	at org.apache.catalina.util.LifecycleBase.init(LifecycleBase.java:107)
	... 12 more
Caused by: java.net.BindException: Address already in use
	at sun.nio.ch.Net.bind0(Native Method)
	at sun.nio.ch.Net.bind(Net.java:433)
	at sun.nio.ch.Net.bind(Net.java:425)
	at sun.nio.ch.ServerSocketChannelImpl.bind(ServerSocketChannelImpl.java:223)
	at sun.nio.ch.ServerSocketAdaptor.bind(ServerSocketAdaptor.java:74)
	at org.apache.tomcat.util.net.NioEndpoint.bind(NioEndpoint.java:219)
	at org.apache.tomcat.util.net.AbstractEndpoint.init(AbstractEndpoint.java:1105)
	at org.apache.tomcat.util.net.AbstractJsseEndpoint.init(AbstractJsseEndpoint.java:224)
	at org.apache.coyote.AbstractProtocol.init(AbstractProtocol.java:581)
	at org.apache.catalina.connector.Connector.initInternal(Connector.java:993)
	... 13 more

26-Apr-2019 16:38:54.141 INFO [main] org.apache.catalina.startup.Catalina.load Initialization processed in 607 ms
26-Apr-2019 16:38:54.166 INFO [main] org.apache.catalina.core.StandardService.startInternal Starting service [Catalina]
26-Apr-2019 16:38:54.167 INFO [main] org.apache.catalina.core.StandardEngine.startInternal Starting Servlet Engine: Apache Tomcat/8.5.40
26-Apr-2019 16:38:54.179 INFO [localhost-startStop-1] org.apache.catalina.startup.HostConfig.deployDirectory Deploying web application directory [/home/kimeuiyeon/HTML_Project/apache-tomcat-8.5.40/webapps/host-manager]
26-Apr-2019 16:38:54.490 INFO [localhost-startStop-1] org.apache.catalina.startup.HostConfig.deployDirectory Deployment of web application directory [/home/kimeuiyeon/HTML_Project/apache-tomcat-8.5.40/webapps/host-manager] has finished in [310] ms
26-Apr-2019 16:38:54.490 INFO [localhost-startStop-1] org.apache.catalina.startup.HostConfig.deployDirectory Deploying web application directory [/home/kimeuiyeon/HTML_Project/apache-tomcat-8.5.40/webapps/ROOT]
26-Apr-2019 16:38:54.512 INFO [localhost-startStop-1] org.apache.catalina.startup.HostConfig.deployDirectory Deployment of web application directory [/home/kimeuiyeon/HTML_Project/apache-tomcat-8.5.40/webapps/ROOT] has finished in [22] ms
26-Apr-2019 16:38:54.513 INFO [localhost-startStop-1] org.apache.catalina.startup.HostConfig.deployDirectory Deploying web application directory [/home/kimeuiyeon/HTML_Project/apache-tomcat-8.5.40/webapps/examples]
26-Apr-2019 16:38:54.780 INFO [localhost-startStop-1] org.apache.catalina.startup.HostConfig.deployDirectory Deployment of web application directory [/home/kimeuiyeon/HTML_Project/apache-tomcat-8.5.40/webapps/examples] has finished in [268] ms
26-Apr-2019 16:38:54.780 INFO [localhost-startStop-1] org.apache.catalina.startup.HostConfig.deployDirectory Deploying web application directory [/home/kimeuiyeon/HTML_Project/apache-tomcat-8.5.40/webapps/docs]
26-Apr-2019 16:38:54.809 INFO [localhost-startStop-1] org.apache.catalina.startup.HostConfig.deployDirectory Deployment of web application directory [/home/kimeuiyeon/HTML_Project/apache-tomcat-8.5.40/webapps/docs] has finished in [29] ms
26-Apr-2019 16:38:54.809 INFO [localhost-startStop-1] org.apache.catalina.startup.HostConfig.deployDirectory Deploying web application directory [/home/kimeuiyeon/HTML_Project/apache-tomcat-8.5.40/webapps/manager]
26-Apr-2019 16:38:54.834 INFO [localhost-startStop-1] org.apache.catalina.startup.HostConfig.deployDirectory Deployment of web application directory [/home/kimeuiyeon/HTML_Project/apache-tomcat-8.5.40/webapps/manager] has finished in [25] ms
26-Apr-2019 16:38:54.838 INFO [main] org.apache.catalina.startup.Catalina.start Server startup in 696 ms
26-Apr-2019 16:38:54.840 SEVERE [main] org.apache.catalina.core.StandardServer.await StandardServer.await: create[localhost:8005]: 
 java.net.BindException: Address already in use (Bind failed)
	at java.net.PlainSocketImpl.socketBind(Native Method)
	at java.net.AbstractPlainSocketImpl.bind(AbstractPlainSocketImpl.java:387)
	at java.net.ServerSocket.bind(ServerSocket.java:375)
	at java.net.ServerSocket.<init>(ServerSocket.java:237)
	at org.apache.catalina.core.StandardServer.await(StandardServer.java:440)
	at org.apache.catalina.startup.Catalina.await(Catalina.java:776)
	at org.apache.catalina.startup.Catalina.start(Catalina.java:722)
	at sun.reflect.NativeMethodAccessorImpl.invoke0(Native Method)
	at sun.reflect.NativeMethodAccessorImpl.invoke(NativeMethodAccessorImpl.java:62)
	at sun.reflect.DelegatingMethodAccessorImpl.invoke(DelegatingMethodAccessorImpl.java:43)
	at java.lang.reflect.Method.invoke(Method.java:498)
	at org.apache.catalina.startup.Bootstrap.start(Bootstrap.java:353)
	at org.apache.catalina.startup.Bootstrap.main(Bootstrap.java:493)

26-Apr-2019 16:38:54.840 INFO [main] org.apache.coyote.AbstractProtocol.pause Pausing ProtocolHandler ["http-nio-8080"]
26-Apr-2019 16:38:54.840 INFO [main] org.apache.coyote.AbstractProtocol.pause Pausing ProtocolHandler ["ajp-nio-8009"]
26-Apr-2019 16:38:54.841 INFO [main] org.apache.catalina.core.StandardService.stopInternal Stopping service [Catalina]
26-Apr-2019 16:38:54.868 INFO [main] org.apache.coyote.AbstractProtocol.stop Stopping ProtocolHandler ["http-nio-8080"]
26-Apr-2019 16:38:54.869 INFO [main] org.apache.coyote.AbstractProtocol.destroy Destroying ProtocolHandler ["http-nio-8080"]
26-Apr-2019 16:38:54.869 INFO [main] org.apache.coyote.AbstractProtocol.stop Stopping ProtocolHandler ["ajp-nio-8009"]
26-Apr-2019 16:38:54.869 INFO [main] org.apache.coyote.AbstractProtocol.destroy Destroying ProtocolHandler ["ajp-nio-8009"]
