23-Apr-2019 10:19:58.124 INFO [main] org.apache.catalina.startup.VersionLoggerListener.log Server version:        Apache Tomcat/8.5.40
23-Apr-2019 10:19:58.130 INFO [main] org.apache.catalina.startup.VersionLoggerListener.log Server built:          Apr 10 2019 14:31:19 UTC
23-Apr-2019 10:19:58.130 INFO [main] org.apache.catalina.startup.VersionLoggerListener.log Server number:         8.5.40.0
23-Apr-2019 10:19:58.131 INFO [main] org.apache.catalina.startup.VersionLoggerListener.log OS Name:               Linux
23-Apr-2019 10:19:58.131 INFO [main] org.apache.catalina.startup.VersionLoggerListener.log OS Version:            4.15.0-47-generic
23-Apr-2019 10:19:58.131 INFO [main] org.apache.catalina.startup.VersionLoggerListener.log Architecture:          amd64
23-Apr-2019 10:19:58.131 INFO [main] org.apache.catalina.startup.VersionLoggerListener.log Java Home:             /usr/lib/jvm/java-8-oracle/jre
23-Apr-2019 10:19:58.131 INFO [main] org.apache.catalina.startup.VersionLoggerListener.log JVM Version:           1.8.0_201-b09
23-Apr-2019 10:19:58.131 INFO [main] org.apache.catalina.startup.VersionLoggerListener.log JVM Vendor:            Oracle Corporation
23-Apr-2019 10:19:58.131 INFO [main] org.apache.catalina.startup.VersionLoggerListener.log CATALINA_BASE:         /home/kimeuiyeon/HTML_Project/apache-tomcat-8.5.40
23-Apr-2019 10:19:58.131 INFO [main] org.apache.catalina.startup.VersionLoggerListener.log CATALINA_HOME:         /home/kimeuiyeon/HTML_Project/apache-tomcat-8.5.40
23-Apr-2019 10:19:58.132 INFO [main] org.apache.catalina.startup.VersionLoggerListener.log Command line argument: -Djava.util.logging.config.file=/home/kimeuiyeon/HTML_Project/apache-tomcat-8.5.40/conf/logging.properties
23-Apr-2019 10:19:58.132 INFO [main] org.apache.catalina.startup.VersionLoggerListener.log Command line argument: -Djava.util.logging.manager=org.apache.juli.ClassLoaderLogManager
23-Apr-2019 10:19:58.132 INFO [main] org.apache.catalina.startup.VersionLoggerListener.log Command line argument: -Djdk.tls.ephemeralDHKeySize=2048
23-Apr-2019 10:19:58.132 INFO [main] org.apache.catalina.startup.VersionLoggerListener.log Command line argument: -Djava.protocol.handler.pkgs=org.apache.catalina.webresources
23-Apr-2019 10:19:58.132 INFO [main] org.apache.catalina.startup.VersionLoggerListener.log Command line argument: -Dorg.apache.catalina.security.SecurityListener.UMASK=0027
23-Apr-2019 10:19:58.133 INFO [main] org.apache.catalina.startup.VersionLoggerListener.log Command line argument: -Dignore.endorsed.dirs=
23-Apr-2019 10:19:58.133 INFO [main] org.apache.catalina.startup.VersionLoggerListener.log Command line argument: -Dcatalina.base=/home/kimeuiyeon/HTML_Project/apache-tomcat-8.5.40
23-Apr-2019 10:19:58.133 INFO [main] org.apache.catalina.startup.VersionLoggerListener.log Command line argument: -Dcatalina.home=/home/kimeuiyeon/HTML_Project/apache-tomcat-8.5.40
23-Apr-2019 10:19:58.133 INFO [main] org.apache.catalina.startup.VersionLoggerListener.log Command line argument: -Djava.io.tmpdir=/home/kimeuiyeon/HTML_Project/apache-tomcat-8.5.40/temp
23-Apr-2019 10:19:58.133 INFO [main] org.apache.catalina.core.AprLifecycleListener.lifecycleEvent The APR based Apache Tomcat Native library which allows optimal performance in production environments was not found on the java.library.path: [/usr/java/packages/lib/amd64:/usr/lib64:/lib64:/lib:/usr/lib]
23-Apr-2019 10:19:58.326 INFO [main] org.apache.coyote.AbstractProtocol.init Initializing ProtocolHandler ["http-nio-8080"]
23-Apr-2019 10:19:58.341 INFO [main] org.apache.tomcat.util.net.NioSelectorPool.getSharedSelector Using a shared selector for servlet write/read
23-Apr-2019 10:19:58.361 INFO [main] org.apache.coyote.AbstractProtocol.init Initializing ProtocolHandler ["ajp-nio-8009"]
23-Apr-2019 10:19:58.363 INFO [main] org.apache.tomcat.util.net.NioSelectorPool.getSharedSelector Using a shared selector for servlet write/read
23-Apr-2019 10:19:58.364 INFO [main] org.apache.catalina.startup.Catalina.load Initialization processed in 764 ms
23-Apr-2019 10:19:58.391 INFO [main] org.apache.catalina.core.StandardService.startInternal Starting service [Catalina]
23-Apr-2019 10:19:58.391 INFO [main] org.apache.catalina.core.StandardEngine.startInternal Starting Servlet Engine: Apache Tomcat/8.5.40
23-Apr-2019 10:19:58.405 INFO [localhost-startStop-1] org.apache.catalina.startup.HostConfig.deployDirectory Deploying web application directory [/home/kimeuiyeon/HTML_Project/apache-tomcat-8.5.40/webapps/host-manager]
23-Apr-2019 10:19:58.755 INFO [localhost-startStop-1] org.apache.catalina.startup.HostConfig.deployDirectory Deployment of web application directory [/home/kimeuiyeon/HTML_Project/apache-tomcat-8.5.40/webapps/host-manager] has finished in [349] ms
23-Apr-2019 10:19:58.755 INFO [localhost-startStop-1] org.apache.catalina.startup.HostConfig.deployDirectory Deploying web application directory [/home/kimeuiyeon/HTML_Project/apache-tomcat-8.5.40/webapps/ROOT]
23-Apr-2019 10:19:58.781 INFO [localhost-startStop-1] org.apache.catalina.startup.HostConfig.deployDirectory Deployment of web application directory [/home/kimeuiyeon/HTML_Project/apache-tomcat-8.5.40/webapps/ROOT] has finished in [26] ms
23-Apr-2019 10:19:58.782 INFO [localhost-startStop-1] org.apache.catalina.startup.HostConfig.deployDirectory Deploying web application directory [/home/kimeuiyeon/HTML_Project/apache-tomcat-8.5.40/webapps/examples]
23-Apr-2019 10:19:59.183 INFO [localhost-startStop-1] org.apache.catalina.startup.HostConfig.deployDirectory Deployment of web application directory [/home/kimeuiyeon/HTML_Project/apache-tomcat-8.5.40/webapps/examples] has finished in [402] ms
23-Apr-2019 10:19:59.184 INFO [localhost-startStop-1] org.apache.catalina.startup.HostConfig.deployDirectory Deploying web application directory [/home/kimeuiyeon/HTML_Project/apache-tomcat-8.5.40/webapps/docs]
23-Apr-2019 10:19:59.212 INFO [localhost-startStop-1] org.apache.catalina.startup.HostConfig.deployDirectory Deployment of web application directory [/home/kimeuiyeon/HTML_Project/apache-tomcat-8.5.40/webapps/docs] has finished in [29] ms
23-Apr-2019 10:19:59.212 INFO [localhost-startStop-1] org.apache.catalina.startup.HostConfig.deployDirectory Deploying web application directory [/home/kimeuiyeon/HTML_Project/apache-tomcat-8.5.40/webapps/manager]
23-Apr-2019 10:19:59.239 INFO [localhost-startStop-1] org.apache.catalina.startup.HostConfig.deployDirectory Deployment of web application directory [/home/kimeuiyeon/HTML_Project/apache-tomcat-8.5.40/webapps/manager] has finished in [26] ms
23-Apr-2019 10:19:59.241 INFO [main] org.apache.coyote.AbstractProtocol.start Starting ProtocolHandler ["http-nio-8080"]
23-Apr-2019 10:19:59.254 INFO [main] org.apache.coyote.AbstractProtocol.start Starting ProtocolHandler ["ajp-nio-8009"]
23-Apr-2019 10:19:59.269 INFO [main] org.apache.catalina.startup.Catalina.start Server startup in 904 ms
