29-Apr-2019 06:47:52.134 INFO [Thread-5] org.apache.coyote.AbstractProtocol.pause Pausing ProtocolHandler ["http-nio-8080"]
29-Apr-2019 06:47:52.194 INFO [Thread-5] org.apache.coyote.AbstractProtocol.pause Pausing ProtocolHandler ["ajp-nio-8009"]
29-Apr-2019 06:47:52.204 INFO [Thread-5] org.apache.catalina.core.StandardService.stopInternal Stopping service [Catalina]
29-Apr-2019 06:47:52.342 INFO [Thread-5] org.apache.coyote.AbstractProtocol.stop Stopping ProtocolHandler ["http-nio-8080"]
29-Apr-2019 06:47:52.356 INFO [Thread-5] org.apache.coyote.AbstractProtocol.stop Stopping ProtocolHandler ["ajp-nio-8009"]
29-Apr-2019 06:47:52.362 INFO [Thread-5] org.apache.coyote.AbstractProtocol.destroy Destroying ProtocolHandler ["http-nio-8080"]
29-Apr-2019 06:47:52.363 INFO [Thread-5] org.apache.coyote.AbstractProtocol.destroy Destroying ProtocolHandler ["ajp-nio-8009"]
29-Apr-2019 07:59:15.236 INFO [main] org.apache.catalina.startup.VersionLoggerListener.log Server version:        Apache Tomcat/8.5.40
29-Apr-2019 07:59:15.244 INFO [main] org.apache.catalina.startup.VersionLoggerListener.log Server built:          Apr 10 2019 14:31:19 UTC
29-Apr-2019 07:59:15.244 INFO [main] org.apache.catalina.startup.VersionLoggerListener.log Server number:         8.5.40.0
29-Apr-2019 07:59:15.244 INFO [main] org.apache.catalina.startup.VersionLoggerListener.log OS Name:               Linux
29-Apr-2019 07:59:15.244 INFO [main] org.apache.catalina.startup.VersionLoggerListener.log OS Version:            4.15.0-48-generic
29-Apr-2019 07:59:15.244 INFO [main] org.apache.catalina.startup.VersionLoggerListener.log Architecture:          amd64
29-Apr-2019 07:59:15.244 INFO [main] org.apache.catalina.startup.VersionLoggerListener.log Java Home:             /usr/lib/jvm/java-8-oracle/jre
29-Apr-2019 07:59:15.245 INFO [main] org.apache.catalina.startup.VersionLoggerListener.log JVM Version:           1.8.0_201-b09
29-Apr-2019 07:59:15.245 INFO [main] org.apache.catalina.startup.VersionLoggerListener.log JVM Vendor:            Oracle Corporation
29-Apr-2019 07:59:15.245 INFO [main] org.apache.catalina.startup.VersionLoggerListener.log CATALINA_BASE:         /home/kimeuiyeon/HTML_Project/apache-tomcat-8.5.40
29-Apr-2019 07:59:15.245 INFO [main] org.apache.catalina.startup.VersionLoggerListener.log CATALINA_HOME:         /home/kimeuiyeon/HTML_Project/apache-tomcat-8.5.40
29-Apr-2019 07:59:15.245 INFO [main] org.apache.catalina.startup.VersionLoggerListener.log Command line argument: -Djava.util.logging.config.file=/home/kimeuiyeon/HTML_Project/apache-tomcat-8.5.40/conf/logging.properties
29-Apr-2019 07:59:15.245 INFO [main] org.apache.catalina.startup.VersionLoggerListener.log Command line argument: -Djava.util.logging.manager=org.apache.juli.ClassLoaderLogManager
29-Apr-2019 07:59:15.246 INFO [main] org.apache.catalina.startup.VersionLoggerListener.log Command line argument: -Djdk.tls.ephemeralDHKeySize=2048
29-Apr-2019 07:59:15.246 INFO [main] org.apache.catalina.startup.VersionLoggerListener.log Command line argument: -Djava.protocol.handler.pkgs=org.apache.catalina.webresources
29-Apr-2019 07:59:15.246 INFO [main] org.apache.catalina.startup.VersionLoggerListener.log Command line argument: -Dorg.apache.catalina.security.SecurityListener.UMASK=0027
29-Apr-2019 07:59:15.246 INFO [main] org.apache.catalina.startup.VersionLoggerListener.log Command line argument: -Dignore.endorsed.dirs=
29-Apr-2019 07:59:15.246 INFO [main] org.apache.catalina.startup.VersionLoggerListener.log Command line argument: -Dcatalina.base=/home/kimeuiyeon/HTML_Project/apache-tomcat-8.5.40
29-Apr-2019 07:59:15.246 INFO [main] org.apache.catalina.startup.VersionLoggerListener.log Command line argument: -Dcatalina.home=/home/kimeuiyeon/HTML_Project/apache-tomcat-8.5.40
29-Apr-2019 07:59:15.247 INFO [main] org.apache.catalina.startup.VersionLoggerListener.log Command line argument: -Djava.io.tmpdir=/home/kimeuiyeon/HTML_Project/apache-tomcat-8.5.40/temp
29-Apr-2019 07:59:15.247 INFO [main] org.apache.catalina.core.AprLifecycleListener.lifecycleEvent The APR based Apache Tomcat Native library which allows optimal performance in production environments was not found on the java.library.path: [/usr/java/packages/lib/amd64:/usr/lib64:/lib64:/lib:/usr/lib]
29-Apr-2019 07:59:15.444 INFO [main] org.apache.coyote.AbstractProtocol.init Initializing ProtocolHandler ["http-nio-8080"]
29-Apr-2019 07:59:15.457 INFO [main] org.apache.tomcat.util.net.NioSelectorPool.getSharedSelector Using a shared selector for servlet write/read
29-Apr-2019 07:59:15.477 INFO [main] org.apache.coyote.AbstractProtocol.init Initializing ProtocolHandler ["ajp-nio-8009"]
29-Apr-2019 07:59:15.479 INFO [main] org.apache.tomcat.util.net.NioSelectorPool.getSharedSelector Using a shared selector for servlet write/read
29-Apr-2019 07:59:15.480 INFO [main] org.apache.catalina.startup.Catalina.load Initialization processed in 725 ms
29-Apr-2019 07:59:15.509 INFO [main] org.apache.catalina.core.StandardService.startInternal Starting service [Catalina]
29-Apr-2019 07:59:15.510 INFO [main] org.apache.catalina.core.StandardEngine.startInternal Starting Servlet Engine: Apache Tomcat/8.5.40
29-Apr-2019 07:59:15.520 INFO [localhost-startStop-1] org.apache.catalina.startup.HostConfig.deployDirectory Deploying web application directory [/home/kimeuiyeon/HTML_Project/apache-tomcat-8.5.40/webapps/host-manager]
29-Apr-2019 07:59:15.848 INFO [localhost-startStop-1] org.apache.catalina.startup.HostConfig.deployDirectory Deployment of web application directory [/home/kimeuiyeon/HTML_Project/apache-tomcat-8.5.40/webapps/host-manager] has finished in [327] ms
29-Apr-2019 07:59:15.848 INFO [localhost-startStop-1] org.apache.catalina.startup.HostConfig.deployDirectory Deploying web application directory [/home/kimeuiyeon/HTML_Project/apache-tomcat-8.5.40/webapps/ROOT]
29-Apr-2019 07:59:15.869 INFO [localhost-startStop-1] org.apache.catalina.startup.HostConfig.deployDirectory Deployment of web application directory [/home/kimeuiyeon/HTML_Project/apache-tomcat-8.5.40/webapps/ROOT] has finished in [21] ms
29-Apr-2019 07:59:15.869 INFO [localhost-startStop-1] org.apache.catalina.startup.HostConfig.deployDirectory Deploying web application directory [/home/kimeuiyeon/HTML_Project/apache-tomcat-8.5.40/webapps/examples]
29-Apr-2019 07:59:16.200 INFO [localhost-startStop-1] org.apache.catalina.startup.HostConfig.deployDirectory Deployment of web application directory [/home/kimeuiyeon/HTML_Project/apache-tomcat-8.5.40/webapps/examples] has finished in [331] ms
29-Apr-2019 07:59:16.201 INFO [localhost-startStop-1] org.apache.catalina.startup.HostConfig.deployDirectory Deploying web application directory [/home/kimeuiyeon/HTML_Project/apache-tomcat-8.5.40/webapps/docs]
29-Apr-2019 07:59:16.234 INFO [localhost-startStop-1] org.apache.catalina.startup.HostConfig.deployDirectory Deployment of web application directory [/home/kimeuiyeon/HTML_Project/apache-tomcat-8.5.40/webapps/docs] has finished in [33] ms
29-Apr-2019 07:59:16.235 INFO [localhost-startStop-1] org.apache.catalina.startup.HostConfig.deployDirectory Deploying web application directory [/home/kimeuiyeon/HTML_Project/apache-tomcat-8.5.40/webapps/manager]
29-Apr-2019 07:59:16.260 INFO [localhost-startStop-1] org.apache.catalina.startup.HostConfig.deployDirectory Deployment of web application directory [/home/kimeuiyeon/HTML_Project/apache-tomcat-8.5.40/webapps/manager] has finished in [26] ms
29-Apr-2019 07:59:16.263 INFO [main] org.apache.coyote.AbstractProtocol.start Starting ProtocolHandler ["http-nio-8080"]
29-Apr-2019 07:59:16.274 INFO [main] org.apache.coyote.AbstractProtocol.start Starting ProtocolHandler ["ajp-nio-8009"]
29-Apr-2019 07:59:16.276 INFO [main] org.apache.catalina.startup.Catalina.start Server startup in 795 ms
